<?xml version="1.0" encoding="UTF-8"?>
<robot generator="Robot 6.1 (Python 3.11.1 on win32)" generated="20231027 13:50:58.098" rpa="false" schemaversion="4">
<suite id="s1" name="Acc Creation IT" source="C:\Users\mepandur\Desktop\D\BMW CIM\automation\ESOCRM_Megh\testdefinition\WHCRM\IT\Acc_Creation_IT.robot">
<kw name="Get test case data" library="DataManager" type="SETUP">
<arg>${TD_ADR.IT}</arg>
<doc>Retrieving test and user data</doc>
<kw name="Run Keyword If" library="BuiltIn">
<arg>'${TestDataPath}' != ''</arg>
<arg>Get test data</arg>
<arg>${TestDataPath}</arg>
<doc>Runs the given keyword with the given arguments, if ``condition`` is true.</doc>
<kw name="Get test data" library="DataManager">
<arg>${TestDataPath}</arg>
<doc>Retrieving the test case data</doc>
<kw name="Get CONFIG Test data" library="DataManager">
<var>&amp;{TESTDATA}</var>
<arg>${TestDataPath}</arg>
<kw name="Get Cfg Data" library="config">
<var>${CONFIGData}</var>
<arg>${FilePathCONFIG}</arg>
<msg timestamp="20231027 13:50:58.435" level="INFO">${CONFIGData} = {'IT_SET_1': {'country': 'IT', 'street_given': 'South Mall', 'street_index': 'South Mall', 'city_given': 'Cork'}, 'IT_SET_2': {'country': 'IT', 'street_given': 'Lawrence Grove', 'street_index': 'Lawre...</msg>
<status status="PASS" starttime="20231027 13:50:58.434" endtime="20231027 13:50:58.435"/>
</kw>
<msg timestamp="20231027 13:50:58.436" level="INFO">&amp;{TESTDATA} = { IT_SET_1={'country': 'IT', 'street_given': 'South Mall', 'street_index': 'South Mall', 'city_given': 'Cork'} | IT_SET_2={'country': 'IT', 'street_given': 'Lawrence Grove', 'street_index': 'Lawrence ...</msg>
<status status="PASS" starttime="20231027 13:50:58.434" endtime="20231027 13:50:58.436"/>
</kw>
<kw name="Set Suite Variable" library="BuiltIn">
<arg>&amp;{TESTDATA}</arg>
<doc>Makes a variable available everywhere within the scope of the current suite.</doc>
<msg timestamp="20231027 13:50:58.436" level="INFO">&amp;{TESTDATA} = { IT_SET_1={'country': 'IT', 'street_given': 'South Mall', 'street_index': 'South Mall', 'city_given': 'Cork'} | IT_SET_2={'country': 'IT', 'street_given': 'Lawrence Grove', 'street_index': 'Lawrence ...</msg>
<status status="PASS" starttime="20231027 13:50:58.436" endtime="20231027 13:50:58.436"/>
</kw>
<status status="PASS" starttime="20231027 13:50:58.434" endtime="20231027 13:50:58.436"/>
</kw>
<status status="PASS" starttime="20231027 13:50:58.434" endtime="20231027 13:50:58.436"/>
</kw>
<status status="PASS" starttime="20231027 13:50:58.433" endtime="20231027 13:50:58.436"/>
</kw>
<test id="s1-t1" name="create accounts in SF" line="28">
<kw name="Open Chrome Browser" library="Common_WEB" type="SETUP">
<kw name="Open Browser" library="SeleniumLibrary">
<arg>about:blank</arg>
<arg>chrome</arg>
<doc>Opens a new browser instance to the optional ``url``.</doc>
<msg timestamp="20231027 13:50:58.438" level="INFO">Opening browser 'chrome' to base url 'about:blank'.</msg>
<status status="PASS" starttime="20231027 13:50:58.438" endtime="20231027 13:51:00.841"/>
</kw>
<kw name="Maximize Browser Window" library="SeleniumLibrary">
<doc>Maximizes current browser window.</doc>
<status status="PASS" starttime="20231027 13:51:00.842" endtime="20231027 13:51:00.981"/>
</kw>
<kw name="Set Selenium Speed" library="SeleniumLibrary">
<arg>${DELAY}</arg>
<doc>Sets the delay that is waited after each Selenium command.</doc>
<status status="PASS" starttime="20231027 13:51:00.981" endtime="20231027 13:51:00.982"/>
</kw>
<status status="PASS" starttime="20231027 13:50:58.438" endtime="20231027 13:51:00.982"/>
</kw>
<kw name="Log" library="BuiltIn">
<arg>${OUTPUT_DIR}</arg>
<doc>Logs the given message with the given level.</doc>
<msg timestamp="20231027 13:51:00.982" level="INFO">C:/Users/mepandur/Desktop/D/'BMW CIM'/automation/ESOCRM_Megh/testdefinition/WHCRM/IT</msg>
<status status="PASS" starttime="20231027 13:51:00.982" endtime="20231027 13:51:00.983"/>
</kw>
<kw name="Login into salesforce" library="Common_WEB">
<arg>${ADR_1}</arg>
<arg>${TD_ADR.IT}</arg>
<arg>${System}</arg>
<kw name="Log" library="BuiltIn">
<arg>${path}</arg>
<doc>Logs the given message with the given level.</doc>
<msg timestamp="20231027 13:51:00.985" level="INFO">Testdata/Address/IT/Addresssets_IT.cfg</msg>
<status status="PASS" starttime="20231027 13:51:00.985" endtime="20231027 13:51:00.985"/>
</kw>
<kw name="Get address data" library="DataManager">
<arg>${path}</arg>
<doc>Retrieving the compare values</doc>
<kw name="Get CONFIG Test data" library="DataManager">
<var>&amp;{ADRDATA}</var>
<arg>${TestDataPath}</arg>
<kw name="Get Cfg Data" library="config">
<var>${CONFIGData}</var>
<arg>${FilePathCONFIG}</arg>
<msg timestamp="20231027 13:51:00.987" level="INFO">${CONFIGData} = {'IT_SET_1': {'country': 'IT', 'street_given': 'South Mall', 'street_index': 'South Mall', 'city_given': 'Cork'}, 'IT_SET_2': {'country': 'IT', 'street_given': 'Lawrence Grove', 'street_index': 'Lawre...</msg>
<status status="PASS" starttime="20231027 13:51:00.986" endtime="20231027 13:51:00.987"/>
</kw>
<msg timestamp="20231027 13:51:00.988" level="INFO">&amp;{ADRDATA} = { IT_SET_1={'country': 'IT', 'street_given': 'South Mall', 'street_index': 'South Mall', 'city_given': 'Cork'} | IT_SET_2={'country': 'IT', 'street_given': 'Lawrence Grove', 'street_index': 'Lawrence ...</msg>
<status status="PASS" starttime="20231027 13:51:00.986" endtime="20231027 13:51:00.988"/>
</kw>
<kw name="Set Suite Variable" library="BuiltIn">
<arg>&amp;{ADRDATA}</arg>
<doc>Makes a variable available everywhere within the scope of the current suite.</doc>
<msg timestamp="20231027 13:51:00.989" level="INFO">&amp;{ADRDATA} = { IT_SET_1={'country': 'IT', 'street_given': 'South Mall', 'street_index': 'South Mall', 'city_given': 'Cork'} | IT_SET_2={'country': 'IT', 'street_given': 'Lawrence Grove', 'street_index': 'Lawrence ...</msg>
<status status="PASS" starttime="20231027 13:51:00.988" endtime="20231027 13:51:00.989"/>
</kw>
<status status="PASS" starttime="20231027 13:51:00.985" endtime="20231027 13:51:00.989"/>
</kw>
<kw name="Get From Dictionary" library="Collections">
<var>${country}</var>
<arg>${ADRDATA.${cnt}}</arg>
<arg>country</arg>
<doc>Returns a value from the given ``dictionary`` based on the given ``key``.</doc>
<msg timestamp="20231027 13:51:00.991" level="INFO">${country} = IT</msg>
<status status="PASS" starttime="20231027 13:51:00.989" endtime="20231027 13:51:00.991"/>
</kw>
<kw name="Go To" library="SeleniumLibrary">
<arg>${Base_Url.${System}SF_${country}}</arg>
<doc>Navigates the current browser window to the provided ``url``.</doc>
<msg timestamp="20231027 13:51:00.992" level="INFO">Opening url 'https://wht-pool--fullint1.sandbox.lightning.force.com'</msg>
<status status="PASS" starttime="20231027 13:51:00.991" endtime="20231027 13:51:02.555"/>
</kw>
<kw name="Run Keyword If" library="BuiltIn">
<arg>'${system}' == 'CAR'</arg>
<arg>Navigate via advance button</arg>
<doc>Runs the given keyword with the given arguments, if ``condition`` is true.</doc>
<status status="PASS" starttime="20231027 13:51:02.555" endtime="20231027 13:51:02.556"/>
</kw>
<kw name="Wait Until Element Is Visible" library="SeleniumLibrary">
<arg>xpath=${${System}_LOGIN.USER}</arg>
<arg>10s</arg>
<doc>Waits until the element ``locator`` is visible.</doc>
<msg timestamp="20231027 13:51:02.564" level="WARN">Keyword 'Capture Page Screenshot' could not be run on failure: Message: no such window: target window already closed
from unknown error: web view not found
  (Session info: chrome=118.0.5993.89)
Stacktrace:
	GetHandleVerifier [0x00007FF7A4497892+54818]
	(No symbol) [0x00007FF7A4406AC2]
	(No symbol) [0x00007FF7A42BDA3B]
	(No symbol) [0x00007FF7A429DEE8]
	(No symbol) [0x00007FF7A4323237]
	(No symbol) [0x00007FF7A4336C6F]
	(No symbol) [0x00007FF7A431E883]
	(No symbol) [0x00007FF7A42F3691]
	(No symbol) [0x00007FF7A42F48D4]
	GetHandleVerifier [0x00007FF7A47FB992+3610402]
	GetHandleVerifier [0x00007FF7A4851860+3962352]
	GetHandleVerifier [0x00007FF7A4849D4F+3930847]
	GetHandleVerifier [0x00007FF7A4533646+693206]
	(No symbol) [0x00007FF7A4411628]
	(No symbol) [0x00007FF7A440D934]
	(No symbol) [0x00007FF7A440DA62]
	(No symbol) [0x00007FF7A43FE113]
	BaseThreadInitThunk [0x00007FFD0149257D+29]
	RtlUserThreadStart [0x00007FFD01DAAA78+40]
</msg>
<msg timestamp="20231027 13:51:02.565" level="FAIL">NoSuchWindowException: Message: no such window: target window already closed
from unknown error: web view not found
  (Session info: chrome=118.0.5993.89)
Stacktrace:
	GetHandleVerifier [0x00007FF7A4497892+54818]
	(No symbol) [0x00007FF7A4406AC2]
	(No symbol) [0x00007FF7A42BDA3B]
	(No symbol) [0x00007FF7A429DEE8]
	(No symbol) [0x00007FF7A4323237]
	(No symbol) [0x00007FF7A4336C6F]
	(No symbol) [0x00007FF7A431E883]
	(No symbol) [0x00007FF7A42F3691]
	(No symbol) [0x00007FF7A42F48D4]
	GetHandleVerifier [0x00007FF7A47FB992+3610402]
	GetHandleVerifier [0x00007FF7A4851860+3962352]
	GetHandleVerifier [0x00007FF7A4849D4F+3930847]
	GetHandleVerifier [0x00007FF7A4533646+693206]
	(No symbol) [0x00007FF7A4411628]
	(No symbol) [0x00007FF7A440D934]
	(No symbol) [0x00007FF7A440DA62]
	(No symbol) [0x00007FF7A43FE113]
	BaseThreadInitThunk [0x00007FFD0149257D+29]
	RtlUserThreadStart [0x00007FFD01DAAA78+40]
</msg>
<status status="FAIL" starttime="20231027 13:51:02.556" endtime="20231027 13:51:02.573"/>
</kw>
<kw name="Get WebElement" library="SeleniumLibrary">
<var>${Input_Locator}</var>
<arg>xpath=${${System}_LOGIN.USER}</arg>
<doc>Returns the first WebElement matching the given ``locator``.</doc>
<status status="NOT RUN" starttime="20231027 13:51:02.574" endtime="20231027 13:51:02.574"/>
</kw>
<kw name="Input Text" library="SeleniumLibrary">
<arg>${Input_Locator}</arg>
<arg>${Username.${System}SF_${country}}</arg>
<doc>Types the given ``text`` into the text field identified by ``locator``.</doc>
<status status="NOT RUN" starttime="20231027 13:51:02.574" endtime="20231027 13:51:02.574"/>
</kw>
<kw name="Get WebElement" library="SeleniumLibrary">
<var>${passw_Locator}</var>
<arg>xpath=${${System}_LOGIN.PASSWORD}</arg>
<doc>Returns the first WebElement matching the given ``locator``.</doc>
<status status="NOT RUN" starttime="20231027 13:51:02.574" endtime="20231027 13:51:02.574"/>
</kw>
<kw name="Input Text" library="SeleniumLibrary">
<arg>${passw_Locator}</arg>
<arg>${Crediantials.${System}SF_${country}}</arg>
<doc>Types the given ``text`` into the text field identified by ``locator``.</doc>
<status status="NOT RUN" starttime="20231027 13:51:02.575" endtime="20231027 13:51:02.575"/>
</kw>
<kw name="Click Button" library="SeleniumLibrary">
<arg>xpath=${${System}_LOGIN.LOGIN}</arg>
<doc>Clicks the button identified by ``locator``.</doc>
<status status="NOT RUN" starttime="20231027 13:51:02.575" endtime="20231027 13:51:02.575"/>
</kw>
<status status="FAIL" starttime="20231027 13:51:00.983" endtime="20231027 13:51:02.575"/>
</kw>
<kw name="Sleep" library="BuiltIn">
<arg>5S</arg>
<doc>Pauses the test executed for the given time.</doc>
<status status="NOT RUN" starttime="20231027 13:51:02.576" endtime="20231027 13:51:02.576"/>
</kw>
<kw name="Create a new account in SF" library="Salesforce_WEB_account">
<arg>${ADR_1}</arg>
<arg>${TD_NAMES.FIRST}</arg>
<arg>${TD_NAMES.LAST}</arg>
<arg>${System}</arg>
<status status="NOT RUN" starttime="20231027 13:51:02.576" endtime="20231027 13:51:02.576"/>
</kw>
<kw name="I close the browser" library="Common_WEB" type="TEARDOWN">
<kw name="Close Browser" library="SeleniumLibrary">
<doc>Closes the current browser.</doc>
<status status="PASS" starttime="20231027 13:51:02.577" endtime="20231027 13:51:04.838"/>
</kw>
<status status="PASS" starttime="20231027 13:51:02.577" endtime="20231027 13:51:04.838"/>
</kw>
<tag>REG</tag>
<status status="FAIL" starttime="20231027 13:50:58.436" endtime="20231027 13:51:04.839">NoSuchWindowException: Message: no such window: target window already closed
from unknown error: web view not found
  (Session info: chrome=118.0.5993.89)
Stacktrace:
	GetHandleVerifier [0x00007FF7A4497892+54818]
	(No symbol) [0x00007FF7A4406AC2]
	(No symbol) [0x00007FF7A42BDA3B]
	(No symbol) [0x00007FF7A429DEE8]
	(No symbol) [0x00007FF7A4323237]
	(No symbol) [0x00007FF7A4336C6F]
	(No symbol) [0x00007FF7A431E883]
	(No symbol) [0x00007FF7A42F3691]
	(No symbol) [0x00007FF7A42F48D4]
	GetHandleVerifier [0x00007FF7A47FB992+3610402]
	GetHandleVerifier [0x00007FF7A4851860+3962352]
	GetHandleVerifier [0x00007FF7A4849D4F+3930847]
	GetHandleVerifier [0x00007FF7A4533646+693206]
	(No symbol) [0x00007FF7A4411628]
	(No symbol) [0x00007FF7A440D934]
	(No symbol) [0x00007FF7A440DA62]
	(No symbol) [0x00007FF7A43FE113]
	BaseThreadInitThunk [0x00007FFD0149257D+29]
	RtlUserThreadStart [0x00007FFD01DAAA78+40]
</status>
</test>
<status status="FAIL" starttime="20231027 13:50:58.100" endtime="20231027 13:51:04.846"/>
</suite>
<statistics>
<total>
<stat pass="0" fail="1" skip="0">All Tests</stat>
</total>
<tag>
<stat pass="0" fail="1" skip="0">REG</stat>
</tag>
<suite>
<stat pass="0" fail="1" skip="0" id="s1" name="Acc Creation IT">Acc Creation IT</stat>
</suite>
</statistics>
<errors>
<msg timestamp="20231027 13:50:58.357" level="ERROR">Error in file 'C:\Users\mepandur\Desktop\D\BMW CIM\automation\ESOCRM_Megh\resource\DataManager.robot' on line 10: Creating keyword 'Set up Suite data' failed: User keyword cannot be empty.</msg>
<msg timestamp="20231027 13:51:02.564" level="WARN">Keyword 'Capture Page Screenshot' could not be run on failure: Message: no such window: target window already closed
from unknown error: web view not found
  (Session info: chrome=118.0.5993.89)
Stacktrace:
	GetHandleVerifier [0x00007FF7A4497892+54818]
	(No symbol) [0x00007FF7A4406AC2]
	(No symbol) [0x00007FF7A42BDA3B]
	(No symbol) [0x00007FF7A429DEE8]
	(No symbol) [0x00007FF7A4323237]
	(No symbol) [0x00007FF7A4336C6F]
	(No symbol) [0x00007FF7A431E883]
	(No symbol) [0x00007FF7A42F3691]
	(No symbol) [0x00007FF7A42F48D4]
	GetHandleVerifier [0x00007FF7A47FB992+3610402]
	GetHandleVerifier [0x00007FF7A4851860+3962352]
	GetHandleVerifier [0x00007FF7A4849D4F+3930847]
	GetHandleVerifier [0x00007FF7A4533646+693206]
	(No symbol) [0x00007FF7A4411628]
	(No symbol) [0x00007FF7A440D934]
	(No symbol) [0x00007FF7A440DA62]
	(No symbol) [0x00007FF7A43FE113]
	BaseThreadInitThunk [0x00007FFD0149257D+29]
	RtlUserThreadStart [0x00007FFD01DAAA78+40]
</msg>
</errors>
</robot>
