<?xml version="1.0" encoding="UTF-8"?>
<robot generator="Robot 6.1 (Python 3.11.1 on win32)" generated="20231028 13:18:54.545" rpa="false" schemaversion="4">
<suite id="s1" name="Acc Creation PL" source="C:\Users\mepandur\Desktop\D\BMW CIM\automation\ESOCRM_Megh\testdefinition\PL\Acc_Creation_PL.robot">
<kw name="Get test case data" library="DataManager" type="SETUP">
<arg>${TD_ADR.PL}</arg>
<doc>Retrieving test and user data</doc>
<kw name="Run Keyword If" library="BuiltIn">
<arg>'${TestDataPath}' != ''</arg>
<arg>Get test data</arg>
<arg>${TestDataPath}</arg>
<doc>Runs the given keyword with the given arguments, if ``condition`` is true.</doc>
<kw name="Get test data" library="DataManager">
<arg>${TestDataPath}</arg>
<doc>Retrieving the test case data</doc>
<kw name="Get CONFIG Test data" library="DataManager">
<var>&amp;{TESTDATA}</var>
<arg>${TestDataPath}</arg>
<kw name="Get Cfg Data" library="config">
<var>${CONFIGData}</var>
<arg>${FilePathCONFIG}</arg>
<msg timestamp="20231028 13:18:54.875" level="INFO">${CONFIGData} = {'PL_SET_1': {'country': 'PL', 'street_given': 'South Mall', 'street_index': 'South Mall', 'city_given': 'Cork'}, 'PL_SET_2': {'country': 'PL', 'street_given': 'Lawrence Grove', 'street_index': 'Lawre...</msg>
<status status="PASS" starttime="20231028 13:18:54.873" endtime="20231028 13:18:54.875"/>
</kw>
<msg timestamp="20231028 13:18:54.875" level="INFO">&amp;{TESTDATA} = { PL_SET_1={'country': 'PL', 'street_given': 'South Mall', 'street_index': 'South Mall', 'city_given': 'Cork'} | PL_SET_2={'country': 'PL', 'street_given': 'Lawrence Grove', 'street_index': 'Lawrence ...</msg>
<status status="PASS" starttime="20231028 13:18:54.873" endtime="20231028 13:18:54.875"/>
</kw>
<kw name="Set Suite Variable" library="BuiltIn">
<arg>&amp;{TESTDATA}</arg>
<doc>Makes a variable available everywhere within the scope of the current suite.</doc>
<msg timestamp="20231028 13:18:54.875" level="INFO">&amp;{TESTDATA} = { PL_SET_1={'country': 'PL', 'street_given': 'South Mall', 'street_index': 'South Mall', 'city_given': 'Cork'} | PL_SET_2={'country': 'PL', 'street_given': 'Lawrence Grove', 'street_index': 'Lawrence ...</msg>
<status status="PASS" starttime="20231028 13:18:54.875" endtime="20231028 13:18:54.875"/>
</kw>
<status status="PASS" starttime="20231028 13:18:54.873" endtime="20231028 13:18:54.875"/>
</kw>
<status status="PASS" starttime="20231028 13:18:54.873" endtime="20231028 13:18:54.876"/>
</kw>
<status status="PASS" starttime="20231028 13:18:54.872" endtime="20231028 13:18:54.876"/>
</kw>
<test id="s1-t1" name="create accounts in SF" line="21">
<kw name="Open Chrome Browser" library="Common_WEB" type="SETUP">
<kw name="Open Browser" library="SeleniumLibrary">
<arg>about:blank</arg>
<arg>chrome</arg>
<doc>Opens a new browser instance to the optional ``url``.</doc>
<msg timestamp="20231028 13:18:54.877" level="INFO">Opening browser 'chrome' to base url 'about:blank'.</msg>
<status status="PASS" starttime="20231028 13:18:54.877" endtime="20231028 13:18:56.851"/>
</kw>
<kw name="Maximize Browser Window" library="SeleniumLibrary">
<doc>Maximizes current browser window.</doc>
<status status="PASS" starttime="20231028 13:18:56.851" endtime="20231028 13:18:56.986"/>
</kw>
<kw name="Set Selenium Speed" library="SeleniumLibrary">
<arg>${DELAY}</arg>
<doc>Sets the delay that is waited after each Selenium command.</doc>
<status status="PASS" starttime="20231028 13:18:56.987" endtime="20231028 13:18:56.987"/>
</kw>
<status status="PASS" starttime="20231028 13:18:54.876" endtime="20231028 13:18:56.988"/>
</kw>
<kw name="Login into salesforce" library="Common_WEB">
<arg>${ADR_1}</arg>
<arg>${TD_ADR.PL}</arg>
<arg>${System}</arg>
<kw name="Log" library="BuiltIn">
<arg>${path}</arg>
<doc>Logs the given message with the given level.</doc>
<msg timestamp="20231028 13:18:56.993" level="INFO">Testdata/Address/PL/Addresssets_PL.cfg</msg>
<status status="PASS" starttime="20231028 13:18:56.992" endtime="20231028 13:18:56.993"/>
</kw>
<kw name="Get address data" library="DataManager">
<arg>${path}</arg>
<doc>Retrieving the compare values</doc>
<kw name="Get CONFIG Test data" library="DataManager">
<var>&amp;{ADRDATA}</var>
<arg>${TestDataPath}</arg>
<kw name="Get Cfg Data" library="config">
<var>${CONFIGData}</var>
<arg>${FilePathCONFIG}</arg>
<msg timestamp="20231028 13:18:57.002" level="INFO">${CONFIGData} = {'PL_SET_1': {'country': 'PL', 'street_given': 'South Mall', 'street_index': 'South Mall', 'city_given': 'Cork'}, 'PL_SET_2': {'country': 'PL', 'street_given': 'Lawrence Grove', 'street_index': 'Lawre...</msg>
<status status="PASS" starttime="20231028 13:18:56.997" endtime="20231028 13:18:57.002"/>
</kw>
<msg timestamp="20231028 13:18:57.003" level="INFO">&amp;{ADRDATA} = { PL_SET_1={'country': 'PL', 'street_given': 'South Mall', 'street_index': 'South Mall', 'city_given': 'Cork'} | PL_SET_2={'country': 'PL', 'street_given': 'Lawrence Grove', 'street_index': 'Lawrence ...</msg>
<status status="PASS" starttime="20231028 13:18:56.996" endtime="20231028 13:18:57.003"/>
</kw>
<kw name="Set Suite Variable" library="BuiltIn">
<arg>&amp;{ADRDATA}</arg>
<doc>Makes a variable available everywhere within the scope of the current suite.</doc>
<msg timestamp="20231028 13:18:57.005" level="INFO">&amp;{ADRDATA} = { PL_SET_1={'country': 'PL', 'street_given': 'South Mall', 'street_index': 'South Mall', 'city_given': 'Cork'} | PL_SET_2={'country': 'PL', 'street_given': 'Lawrence Grove', 'street_index': 'Lawrence ...</msg>
<status status="PASS" starttime="20231028 13:18:57.003" endtime="20231028 13:18:57.006"/>
</kw>
<status status="PASS" starttime="20231028 13:18:56.994" endtime="20231028 13:18:57.006"/>
</kw>
<kw name="Get From Dictionary" library="Collections">
<var>${country}</var>
<arg>${ADRDATA.${cnt}}</arg>
<arg>country</arg>
<doc>Returns a value from the given ``dictionary`` based on the given ``key``.</doc>
<msg timestamp="20231028 13:18:57.009" level="INFO">${country} = PL</msg>
<status status="PASS" starttime="20231028 13:18:57.006" endtime="20231028 13:18:57.009"/>
</kw>
<kw name="Go To" library="SeleniumLibrary">
<arg>${Base_Url.${System}SF_${country}}</arg>
<doc>Navigates the current browser window to the provided ``url``.</doc>
<msg timestamp="20231028 13:18:57.011" level="INFO">Opening url 'https://rsp-dev-xx--esointpl.sandbox.my.salesforce.com'</msg>
<status status="PASS" starttime="20231028 13:18:57.009" endtime="20231028 13:19:00.491"/>
</kw>
<kw name="Run Keyword If" library="BuiltIn">
<arg>'${system}' == 'CAR'</arg>
<arg>Navigate via advance button</arg>
<doc>Runs the given keyword with the given arguments, if ``condition`` is true.</doc>
<status status="PASS" starttime="20231028 13:19:00.492" endtime="20231028 13:19:00.493"/>
</kw>
<kw name="Wait Until Element Is Visible" library="SeleniumLibrary">
<arg>xpath=${${System}_LOGIN.USER}</arg>
<arg>10s</arg>
<doc>Waits until the element ``locator`` is visible.</doc>
<status status="PASS" starttime="20231028 13:19:00.493" endtime="20231028 13:19:00.600"/>
</kw>
<kw name="Get WebElement" library="SeleniumLibrary">
<var>${Input_Locator}</var>
<arg>xpath=${${System}_LOGIN.USER}</arg>
<doc>Returns the first WebElement matching the given ``locator``.</doc>
<msg timestamp="20231028 13:19:00.631" level="INFO">${Input_Locator} = &lt;selenium.webdriver.remote.webelement.WebElement (session="2800ee2b4cd4516e16c2fa8bd34fc775", element="BED807EB5A5BCA8EC509BF0405B36A07_element_10")&gt;</msg>
<status status="PASS" starttime="20231028 13:19:00.601" endtime="20231028 13:19:00.631"/>
</kw>
<kw name="Input Text" library="SeleniumLibrary">
<arg>${Input_Locator}</arg>
<arg>${Username.${System}SF_${country}}</arg>
<doc>Types the given ``text`` into the text field identified by ``locator``.</doc>
<msg timestamp="20231028 13:19:00.635" level="INFO">Typing text 'pl.happybdcagent@bmw.eso.dev.xx.esointpl' into text field '&lt;selenium.webdriver.remote.webelement.WebElement (session="2800ee2b4cd4516e16c2fa8bd34fc775", element="BED807EB5A5BCA8EC509BF0405B36A07_element_10")&gt;'.</msg>
<status status="PASS" starttime="20231028 13:19:00.632" endtime="20231028 13:19:00.918"/>
</kw>
<kw name="Get WebElement" library="SeleniumLibrary">
<var>${passw_Locator}</var>
<arg>xpath=${${System}_LOGIN.PASSWORD}</arg>
<doc>Returns the first WebElement matching the given ``locator``.</doc>
<msg timestamp="20231028 13:19:00.940" level="INFO">${passw_Locator} = &lt;selenium.webdriver.remote.webelement.WebElement (session="2800ee2b4cd4516e16c2fa8bd34fc775", element="BED807EB5A5BCA8EC509BF0405B36A07_element_17")&gt;</msg>
<status status="PASS" starttime="20231028 13:19:00.918" endtime="20231028 13:19:00.941"/>
</kw>
<kw name="Input Text" library="SeleniumLibrary">
<arg>${passw_Locator}</arg>
<arg>${Crediantials.${System}SF_${country}}</arg>
<doc>Types the given ``text`` into the text field identified by ``locator``.</doc>
<msg timestamp="20231028 13:19:00.943" level="INFO">Typing text 'HappyPL01Agent2023' into text field '&lt;selenium.webdriver.remote.webelement.WebElement (session="2800ee2b4cd4516e16c2fa8bd34fc775", element="BED807EB5A5BCA8EC509BF0405B36A07_element_17")&gt;'.</msg>
<status status="PASS" starttime="20231028 13:19:00.941" endtime="20231028 13:19:01.134"/>
</kw>
<kw name="Click Button" library="SeleniumLibrary">
<arg>xpath=${${System}_LOGIN.LOGIN}</arg>
<doc>Clicks the button identified by ``locator``.</doc>
<msg timestamp="20231028 13:19:01.136" level="INFO">Clicking button 'xpath=//input[@id="Login"]'.</msg>
<status status="PASS" starttime="20231028 13:19:01.135" endtime="20231028 13:19:12.032"/>
</kw>
<status status="PASS" starttime="20231028 13:18:56.989" endtime="20231028 13:19:12.032"/>
</kw>
<kw name="Sleep" library="BuiltIn">
<arg>5S</arg>
<doc>Pauses the test executed for the given time.</doc>
<msg timestamp="20231028 13:19:17.033" level="INFO">Slept 5 seconds</msg>
<status status="PASS" starttime="20231028 13:19:12.033" endtime="20231028 13:19:17.033"/>
</kw>
<kw name="Create a new account in SF" library="Salesforce_WEB_account">
<arg>${ADR_1}</arg>
<arg>${TD_NAMES.FIRST}</arg>
<arg>${TD_NAMES.LAST}</arg>
<arg>${System}</arg>
<for flavor="IN RANGE">
<var>${index}</var>
<value>1</value>
<value>3</value>
<iter>
<var name="${index}">1</var>
<kw name="Navigate to recent account page" library="Functions_Web">
<arg>${address_data}</arg>
<arg>${System}</arg>
<kw name="Get From Dictionary" library="Collections">
<var>${country}</var>
<arg>${ADRDATA.${address_data}}</arg>
<arg>country</arg>
<doc>Returns a value from the given ``dictionary`` based on the given ``key``.</doc>
<msg timestamp="20231028 13:19:17.041" level="INFO">${country} = PL</msg>
<status status="PASS" starttime="20231028 13:19:17.039" endtime="20231028 13:19:17.041"/>
</kw>
<kw name="Set Variable" library="BuiltIn">
<var>${home_url}</var>
<arg>${Base_Url.${System}SF_${country}}</arg>
<doc>Returns the given values which can then be assigned to a variables.</doc>
<msg timestamp="20231028 13:19:17.043" level="INFO">${home_url} = https://rsp-dev-xx--esointpl.sandbox.my.salesforce.com</msg>
<status status="PASS" starttime="20231028 13:19:17.041" endtime="20231028 13:19:17.043"/>
</kw>
<kw name="Set Variable" library="BuiltIn">
<var>${pre_srt}</var>
<arg>${Acccr_Url.${System}AC_${country}}</arg>
<doc>Returns the given values which can then be assigned to a variables.</doc>
<msg timestamp="20231028 13:19:17.045" level="INFO">${pre_srt} = lightning/o/Account/list?filterName=Recent</msg>
<status status="PASS" starttime="20231028 13:19:17.043" endtime="20231028 13:19:17.045"/>
</kw>
<kw name="Set Variable" library="BuiltIn">
<var>${new_url}</var>
<arg>${home_url}/${pre_srt}</arg>
<doc>Returns the given values which can then be assigned to a variables.</doc>
<msg timestamp="20231028 13:19:17.046" level="INFO">${new_url} = https://rsp-dev-xx--esointpl.sandbox.my.salesforce.com/lightning/o/Account/list?filterName=Recent</msg>
<status status="PASS" starttime="20231028 13:19:17.045" endtime="20231028 13:19:17.046"/>
</kw>
<kw name="Log" library="BuiltIn">
<arg>${new_url}</arg>
<doc>Logs the given message with the given level.</doc>
<msg timestamp="20231028 13:19:17.047" level="INFO">https://rsp-dev-xx--esointpl.sandbox.my.salesforce.com/lightning/o/Account/list?filterName=Recent</msg>
<status status="PASS" starttime="20231028 13:19:17.046" endtime="20231028 13:19:17.047"/>
</kw>
<kw name="Go To" library="SeleniumLibrary">
<arg>${new_url}</arg>
<doc>Navigates the current browser window to the provided ``url``.</doc>
<msg timestamp="20231028 13:19:17.047" level="INFO">Opening url 'https://rsp-dev-xx--esointpl.sandbox.my.salesforce.com/lightning/o/Account/list?filterName=Recent'</msg>
<status status="PASS" starttime="20231028 13:19:17.047" endtime="20231028 13:19:18.942"/>
</kw>
<status status="PASS" starttime="20231028 13:19:17.038" endtime="20231028 13:19:18.942"/>
</kw>
<kw name="Navigate to account creation page" library="Functions_Web">
<arg>${System}</arg>
<kw name="Sleep" library="BuiltIn">
<arg>10s</arg>
<doc>Pauses the test executed for the given time.</doc>
<msg timestamp="20231028 13:19:28.944" level="INFO">Slept 10 seconds</msg>
<status status="PASS" starttime="20231028 13:19:18.943" endtime="20231028 13:19:28.944"/>
</kw>
<kw name="Click Element" library="SeleniumLibrary">
<arg>xpath=${${System}_ACCCR_LOC.ACC_NEW}</arg>
<doc>Click the element identified by ``locator``.</doc>
<msg timestamp="20231028 13:19:28.948" level="INFO">Clicking element 'xpath=//div[contains(text(),'New')]'.</msg>
<status status="PASS" starttime="20231028 13:19:28.944" endtime="20231028 13:19:29.219"/>
</kw>
<kw name="Wait Until Element Is Visible" library="SeleniumLibrary">
<arg>xpath=${${System}_ACCCR_LOC.NEW_PER}</arg>
<arg>10s</arg>
<doc>Waits until the element ``locator`` is visible.</doc>
<status status="PASS" starttime="20231028 13:19:29.219" endtime="20231028 13:19:31.083"/>
</kw>
<kw name="Click Element" library="SeleniumLibrary">
<arg>xpath=${${System}_ACCCR_LOC.NEW_PER}</arg>
<doc>Click the element identified by ``locator``.</doc>
<msg timestamp="20231028 13:19:31.084" level="INFO">Clicking element 'xpath=//h1[contains(text(),'Person Account Private')]'.</msg>
<status status="PASS" starttime="20231028 13:19:31.083" endtime="20231028 13:19:31.222"/>
</kw>
<kw name="Wait Until Element Is Visible" library="SeleniumLibrary">
<arg>xpath=${${System}_ACCCR_LOC.ACC_NEXT}</arg>
<arg>10s</arg>
<doc>Waits until the element ``locator`` is visible.</doc>
<status status="PASS" starttime="20231028 13:19:31.222" endtime="20231028 13:19:31.256"/>
</kw>
<kw name="Click Element" library="SeleniumLibrary">
<arg>xpath=${${System}_ACCCR_LOC.ACC_NEXT}</arg>
<doc>Click the element identified by ``locator``.</doc>
<msg timestamp="20231028 13:19:31.257" level="INFO">Clicking element 'xpath=//button[contains(text(),'Next')]'.</msg>
<status status="PASS" starttime="20231028 13:19:31.256" endtime="20231028 13:19:31.416"/>
</kw>
<kw name="Sleep" library="BuiltIn">
<arg>5s</arg>
<doc>Pauses the test executed for the given time.</doc>
<msg timestamp="20231028 13:19:36.417" level="INFO">Slept 5 seconds</msg>
<status status="PASS" starttime="20231028 13:19:31.416" endtime="20231028 13:19:36.417"/>
</kw>
<kw name="Wait Until Element Is Visible" library="SeleniumLibrary">
<arg>xpath=${${System}_ACCCR_LOC.MOB}</arg>
<arg>10s</arg>
<doc>Waits until the element ``locator`` is visible.</doc>
<status status="PASS" starttime="20231028 13:19:36.417" endtime="20231028 13:19:36.448"/>
</kw>
<status status="PASS" starttime="20231028 13:19:18.942" endtime="20231028 13:19:36.448"/>
</kw>
<kw name="First" library="random_names">
<var>${firstname}</var>
<arg>${fir_nm}</arg>
<msg timestamp="20231028 13:19:36.455" level="INFO">${firstname} = Oxford</msg>
<status status="PASS" starttime="20231028 13:19:36.448" endtime="20231028 13:19:36.455"/>
</kw>
<kw name="Last" library="random_names">
<var>${lastname}</var>
<arg>${lst_nm}</arg>
<msg timestamp="20231028 13:19:36.457" level="INFO">${lastname} = Ariana_sogsun</msg>
<status status="PASS" starttime="20231028 13:19:36.455" endtime="20231028 13:19:36.457"/>
</kw>
<kw name="Set email for account" library="Functions_Web">
<var>${phnum}</var>
<arg>${firstname}</arg>
<arg>${lastname}</arg>
<arg>${System}</arg>
<kw name="Set Variable" library="BuiltIn">
<var>${email}</var>
<arg>${firstname}.${lastname}_sogsun@mailinator.com</arg>
<doc>Returns the given values which can then be assigned to a variables.</doc>
<msg timestamp="20231028 13:19:36.459" level="INFO">${email} = Oxford.Ariana_sogsun_sogsun@mailinator.com</msg>
<status status="PASS" starttime="20231028 13:19:36.459" endtime="20231028 13:19:36.459"/>
</kw>
<kw name="Convert To Lower Case" library="String">
<var>${email_lwr}</var>
<arg>${email}</arg>
<doc>Converts string to lower case.</doc>
<msg timestamp="20231028 13:19:36.459" level="INFO">${email_lwr} = oxford.ariana_sogsun_sogsun@mailinator.com</msg>
<status status="PASS" starttime="20231028 13:19:36.459" endtime="20231028 13:19:36.459"/>
</kw>
<kw name="Input Text" library="SeleniumLibrary">
<arg>xpath=${${System}_ACCCR_LOC.EMAIL}</arg>
<arg>${email_lwr}</arg>
<doc>Types the given ``text`` into the text field identified by ``locator``.</doc>
<msg timestamp="20231028 13:19:36.461" level="INFO">Typing text 'oxford.ariana_sogsun_sogsun@mailinator.com' into text field 'xpath=//input[@name="Email"]'.</msg>
<status status="PASS" starttime="20231028 13:19:36.459" endtime="20231028 13:19:36.923"/>
</kw>
<msg timestamp="20231028 13:19:36.924" level="INFO">${phnum} = oxford.ariana_sogsun_sogsun@mailinator.com</msg>
<status status="PASS" starttime="20231028 13:19:36.458" endtime="20231028 13:19:36.924"/>
</kw>
<kw name="set phone for account" library="Functions_Web">
<var>${email}</var>
<arg>${System}</arg>
<kw name="Generate Random String" library="String">
<var>${num}</var>
<arg>9</arg>
<arg>[NUMBERS]</arg>
<doc>Generates a string with a desired ``length`` from the given ``chars``.</doc>
<msg timestamp="20231028 13:19:36.924" level="INFO">${num} = 900063908</msg>
<status status="PASS" starttime="20231028 13:19:36.924" endtime="20231028 13:19:36.925"/>
</kw>
<kw name="Set Variable" library="BuiltIn">
<var>${phn}</var>
<arg>+4930${num}</arg>
<doc>Returns the given values which can then be assigned to a variables.</doc>
<msg timestamp="20231028 13:19:36.925" level="INFO">${phn} = +4930900063908</msg>
<status status="PASS" starttime="20231028 13:19:36.925" endtime="20231028 13:19:36.925"/>
</kw>
<kw name="Input Text" library="SeleniumLibrary">
<arg>xpath=${${System}_ACCCR_LOC.MOB}</arg>
<arg>${phn}</arg>
<doc>Types the given ``text`` into the text field identified by ``locator``.</doc>
<msg timestamp="20231028 13:19:36.926" level="INFO">Typing text '+4930900063908' into text field 'xpath=//input[@name="PersonMobilePhone"]'.</msg>
<status status="PASS" starttime="20231028 13:19:36.925" endtime="20231028 13:19:37.113"/>
</kw>
<msg timestamp="20231028 13:19:37.113" level="INFO">${email} = +4930900063908</msg>
<status status="PASS" starttime="20231028 13:19:36.924" endtime="20231028 13:19:37.113"/>
</kw>
<kw name="Set firstname for account" library="Functions_Web">
<arg>${firstname}</arg>
<arg>${System}</arg>
<kw name="Scroll Element Into View" library="SeleniumLibrary">
<arg>xpath=${${System}_ACCCR_LOC.LST_NM}</arg>
<doc>Scrolls the element identified by ``locator`` into view.</doc>
<status status="PASS" starttime="20231028 13:19:37.113" endtime="20231028 13:19:37.414"/>
</kw>
<kw name="Input Text" library="SeleniumLibrary">
<arg>xpath=${${System}_ACCCR_LOC.FST_NM}</arg>
<arg>${first_name}</arg>
<doc>Types the given ``text`` into the text field identified by ``locator``.</doc>
<msg timestamp="20231028 13:19:37.417" level="INFO">Typing text 'Oxford' into text field 'xpath=//input[@name="FirstName"]'.</msg>
<status status="PASS" starttime="20231028 13:19:37.415" endtime="20231028 13:19:37.651"/>
</kw>
<status status="PASS" starttime="20231028 13:19:37.113" endtime="20231028 13:19:37.651"/>
</kw>
<kw name="Set lastname for account" library="Functions_Web">
<arg>${lastname}</arg>
<arg>${System}</arg>
<kw name="Input Text" library="SeleniumLibrary">
<arg>xpath=${${System}_ACCCR_LOC.LST_NM}</arg>
<arg>${last_name}</arg>
<doc>Types the given ``text`` into the text field identified by ``locator``.</doc>
<msg timestamp="20231028 13:19:37.653" level="INFO">Typing text 'Ariana_sogsun' into text field 'xpath=//input[@name="LastName"]'.</msg>
<status status="PASS" starttime="20231028 13:19:37.652" endtime="20231028 13:19:37.797"/>
</kw>
<status status="PASS" starttime="20231028 13:19:37.651" endtime="20231028 13:19:37.797"/>
</kw>
<kw name="Sleep" library="BuiltIn">
<arg>3s</arg>
<doc>Pauses the test executed for the given time.</doc>
<msg timestamp="20231028 13:19:40.798" level="INFO">Slept 3 seconds</msg>
<status status="PASS" starttime="20231028 13:19:37.797" endtime="20231028 13:19:40.798"/>
</kw>
<kw name="Set preferred address" library="Functions_Web">
<arg>${System}</arg>
<kw name="Sleep" library="BuiltIn">
<arg>2s</arg>
<doc>Pauses the test executed for the given time.</doc>
<msg timestamp="20231028 13:19:42.801" level="INFO">Slept 2 seconds</msg>
<status status="PASS" starttime="20231028 13:19:40.800" endtime="20231028 13:19:42.801"/>
</kw>
<kw name="Press Keys" library="SeleniumLibrary">
<arg>xpath=${${System}_ACCCR_LOC.PREF_ADR}</arg>
<arg>Private</arg>
<arg>ENTER</arg>
<doc>Simulates the user pressing key(s) to an element or on the active browser.</doc>
<msg timestamp="20231028 13:19:42.804" level="INFO">Sending key(s) ('Private', 'ENTER') to xpath=//label[contains(text(),'Preferred Address')]/parent::div/descendant::div[4]/child::button/span element.</msg>
<msg timestamp="20231028 13:19:43.231" level="INFO">Sending keys Private</msg>
<msg timestamp="20231028 13:19:43.294" level="INFO">Pressing special key ENTER to element.</msg>
<msg timestamp="20231028 13:19:43.295" level="INFO">Releasing special key ENTER.</msg>
<status status="PASS" starttime="20231028 13:19:42.801" endtime="20231028 13:19:43.326"/>
</kw>
<status status="PASS" starttime="20231028 13:19:40.799" endtime="20231028 13:19:43.326"/>
</kw>
<kw name="Wait Until Keyword Succeeds" library="BuiltIn">
<arg>10x</arg>
<arg>3000ms</arg>
<arg>Search and set the address</arg>
<arg>${address_data}</arg>
<arg>${System}</arg>
<doc>Runs the specified keyword and retries if it fails.</doc>
<kw name="Search and set the address" library="Functions_Web">
<arg>${address_data}</arg>
<arg>${System}</arg>
<kw name="Get an address set" library="DataManager">
<var>${per_str}</var>
<arg>${addressdata}</arg>
<kw name="Get From Dictionary" library="Collections">
<var>${country}</var>
<arg>${ADRDATA.${testdata}}</arg>
<arg>country</arg>
<doc>Returns a value from the given ``dictionary`` based on the given ``key``.</doc>
<msg timestamp="20231028 13:19:43.329" level="INFO">${country} = PL</msg>
<status status="PASS" starttime="20231028 13:19:43.328" endtime="20231028 13:19:43.329"/>
</kw>
<kw name="Log" library="BuiltIn">
<arg>${country}</arg>
<doc>Logs the given message with the given level.</doc>
<msg timestamp="20231028 13:19:43.330" level="INFO">PL</msg>
<status status="PASS" starttime="20231028 13:19:43.330" endtime="20231028 13:19:43.330"/>
</kw>
<kw name="Get test address data" library="DataManager">
<arg>${TD_ADR.${country}}</arg>
<kw name="Get CONFIG Test data" library="DataManager">
<var>&amp;{ADRDATA_TC}</var>
<arg>${TestDataPath}</arg>
<kw name="Get Cfg Data" library="config">
<var>${CONFIGData}</var>
<arg>${FilePathCONFIG}</arg>
<msg timestamp="20231028 13:19:43.334" level="INFO">${CONFIGData} = {'PL_SET_1': {'country': 'PL', 'street_given': 'South Mall', 'street_index': 'South Mall', 'city_given': 'Cork'}, 'PL_SET_2': {'country': 'PL', 'street_given': 'Lawrence Grove', 'street_index': 'Lawre...</msg>
<status status="PASS" starttime="20231028 13:19:43.332" endtime="20231028 13:19:43.334"/>
</kw>
<msg timestamp="20231028 13:19:43.335" level="INFO">&amp;{ADRDATA_TC} = { PL_SET_1={'country': 'PL', 'street_given': 'South Mall', 'street_index': 'South Mall', 'city_given': 'Cork'} | PL_SET_2={'country': 'PL', 'street_given': 'Lawrence Grove', 'street_index': 'Lawrence ...</msg>
<status status="PASS" starttime="20231028 13:19:43.332" endtime="20231028 13:19:43.335"/>
</kw>
<kw name="Set Test Variable" library="BuiltIn">
<arg>&amp;{ADRDATA_TC}</arg>
<doc>Makes a variable available everywhere within the scope of the current test.</doc>
<msg timestamp="20231028 13:19:43.336" level="INFO">&amp;{ADRDATA_TC} = { PL_SET_1={'country': 'PL', 'street_given': 'South Mall', 'street_index': 'South Mall', 'city_given': 'Cork'} | PL_SET_2={'country': 'PL', 'street_given': 'Lawrence Grove', 'street_index': 'Lawrence ...</msg>
<status status="PASS" starttime="20231028 13:19:43.335" endtime="20231028 13:19:43.336"/>
</kw>
<status status="PASS" starttime="20231028 13:19:43.330" endtime="20231028 13:19:43.336"/>
</kw>
<kw name="Evaluate" library="BuiltIn">
<var>${NMBR}</var>
<arg>random.randint(1, 5)</arg>
<doc>Evaluates the given expression in Python and returns the result.</doc>
<msg timestamp="20231028 13:19:43.337" level="INFO">${NMBR} = 2</msg>
<status status="PASS" starttime="20231028 13:19:43.336" endtime="20231028 13:19:43.337"/>
</kw>
<kw name="Format String" library="String">
<var>${Profile}</var>
<arg>${country}_SET_${NMBR}</arg>
<doc>Formats a ``template`` using the given ``positional`` and ``named`` arguments.</doc>
<msg timestamp="20231028 13:19:43.337" level="INFO">${Profile} = PL_SET_2</msg>
<status status="PASS" starttime="20231028 13:19:43.337" endtime="20231028 13:19:43.337"/>
</kw>
<msg timestamp="20231028 13:19:43.338" level="INFO">${per_str} = {'country': 'PL', 'street_given': 'Lawrence Grove', 'street_index': 'Lawrence Grove', 'city_given': 'Ballinasloe'}</msg>
<status status="PASS" starttime="20231028 13:19:43.328" endtime="20231028 13:19:43.338"/>
</kw>
<kw name="Clear Element Text" library="SeleniumLibrary">
<arg>xpath=${${System}_ACCCR_LOC.SER_ADR}</arg>
<doc>Clears the value of the text-input-element identified by ``locator``.</doc>
<status status="PASS" starttime="20231028 13:19:43.339" endtime="20231028 13:19:43.402"/>
</kw>
<kw name="Press Keys" library="SeleniumLibrary">
<arg>xpath=${${System}_ACCCR_LOC.SER_ADR}</arg>
<arg>${per_str.street_given}</arg>
<doc>Simulates the user pressing key(s) to an element or on the active browser.</doc>
<msg timestamp="20231028 13:19:43.404" level="INFO">Sending key(s) ('Lawrence Grove',) to xpath=//label[contains(text(),'Address Search')]/parent::span/following::div[2]/descendant::input[1] element.</msg>
<msg timestamp="20231028 13:19:43.715" level="INFO">Sending keys Lawrence Grove</msg>
<status status="PASS" starttime="20231028 13:19:43.403" endtime="20231028 13:19:43.913"/>
</kw>
<kw name="Sleep" library="BuiltIn">
<arg>4s</arg>
<doc>Pauses the test executed for the given time.</doc>
<msg timestamp="20231028 13:19:47.913" level="INFO">Slept 4 seconds</msg>
<status status="PASS" starttime="20231028 13:19:43.913" endtime="20231028 13:19:47.913"/>
</kw>
<kw name="Evaluate" library="BuiltIn">
<var>${NMBR}</var>
<arg>random.randint(1, 2)</arg>
<doc>Evaluates the given expression in Python and returns the result.</doc>
<msg timestamp="20231028 13:19:47.914" level="INFO">${NMBR} = 1</msg>
<status status="PASS" starttime="20231028 13:19:47.913" endtime="20231028 13:19:47.914"/>
</kw>
<kw name="Sleep" library="BuiltIn">
<arg>10s</arg>
<doc>Pauses the test executed for the given time.</doc>
<msg timestamp="20231028 13:19:57.916" level="INFO">Slept 10 seconds</msg>
<status status="PASS" starttime="20231028 13:19:47.914" endtime="20231028 13:19:57.916"/>
</kw>
<kw name="Press Keys" library="SeleniumLibrary">
<arg>xpath=(//span[contains(text(),'${per_str.street_given}')])[${NMBR}]</arg>
<arg>ENTER</arg>
<doc>Simulates the user pressing key(s) to an element or on the active browser.</doc>
<msg timestamp="20231028 13:19:57.920" level="INFO">Sending key(s) ('ENTER',) to xpath=(//span[contains(text(),'Lawrence Grove')])[1] element.</msg>
<msg timestamp="20231028 13:19:57.930" level="WARN">Keyword 'Capture Page Screenshot' could not be run on failure: Message: no such window: target window already closed
from unknown error: web view not found
  (Session info: chrome=118.0.5993.89)
Stacktrace:
	GetHandleVerifier [0x00007FF7A7377892+54818]
	(No symbol) [0x00007FF7A72E6AC2]
	(No symbol) [0x00007FF7A719DA3B]
	(No symbol) [0x00007FF7A717DEE8]
	(No symbol) [0x00007FF7A7203237]
	(No symbol) [0x00007FF7A7216C6F]
	(No symbol) [0x00007FF7A71FE883]
	(No symbol) [0x00007FF7A71D3691]
	(No symbol) [0x00007FF7A71D48D4]
	GetHandleVerifier [0x00007FF7A76DB992+3610402]
	GetHandleVerifier [0x00007FF7A7731860+3962352]
	GetHandleVerifier [0x00007FF7A7729D4F+3930847]
	GetHandleVerifier [0x00007FF7A7413646+693206]
	(No symbol) [0x00007FF7A72F1628]
	(No symbol) [0x00007FF7A72ED934]
	(No symbol) [0x00007FF7A72EDA62]
	(No symbol) [0x00007FF7A72DE113]
	BaseThreadInitThunk [0x00007FFD0149257D+29]
	RtlUserThreadStart [0x00007FFD01DAAA78+40]
</msg>
<msg timestamp="20231028 13:19:57.934" level="FAIL">NoSuchWindowException: Message: no such window: target window already closed
from unknown error: web view not found
  (Session info: chrome=118.0.5993.89)
Stacktrace:
	GetHandleVerifier [0x00007FF7A7377892+54818]
	(No symbol) [0x00007FF7A72E6AC2]
	(No symbol) [0x00007FF7A719DA3B]
	(No symbol) [0x00007FF7A717DEE8]
	(No symbol) [0x00007FF7A7203237]
	(No symbol) [0x00007FF7A7216C6F]
	(No symbol) [0x00007FF7A71FE883]
	(No symbol) [0x00007FF7A71D3691]
	(No symbol) [0x00007FF7A71D48D4]
	GetHandleVerifier [0x00007FF7A76DB992+3610402]
	GetHandleVerifier [0x00007FF7A7731860+3962352]
	GetHandleVerifier [0x00007FF7A7729D4F+3930847]
	GetHandleVerifier [0x00007FF7A7413646+693206]
	(No symbol) [0x00007FF7A72F1628]
	(No symbol) [0x00007FF7A72ED934]
	(No symbol) [0x00007FF7A72EDA62]
	(No symbol) [0x00007FF7A72DE113]
	BaseThreadInitThunk [0x00007FFD0149257D+29]
	RtlUserThreadStart [0x00007FFD01DAAA78+40]
</msg>
<status status="FAIL" starttime="20231028 13:19:57.916" endtime="20231028 13:19:57.948"/>
</kw>
<kw name="Sleep" library="BuiltIn">
<arg>10s</arg>
<doc>Pauses the test executed for the given time.</doc>
<status status="NOT RUN" starttime="20231028 13:19:57.948" endtime="20231028 13:19:57.948"/>
</kw>
<status status="FAIL" starttime="20231028 13:19:43.327" endtime="20231028 13:19:57.949"/>
</kw>
<kw name="Search and set the address" library="Functions_Web">
<arg>${address_data}</arg>
<arg>${System}</arg>
<kw name="Get an address set" library="DataManager">
<var>${per_str}</var>
<arg>${addressdata}</arg>
<kw name="Get From Dictionary" library="Collections">
<var>${country}</var>
<arg>${ADRDATA.${testdata}}</arg>
<arg>country</arg>
<doc>Returns a value from the given ``dictionary`` based on the given ``key``.</doc>
<msg timestamp="20231028 13:20:00.954" level="INFO">${country} = PL</msg>
<status status="PASS" starttime="20231028 13:20:00.953" endtime="20231028 13:20:00.955"/>
</kw>
<kw name="Log" library="BuiltIn">
<arg>${country}</arg>
<doc>Logs the given message with the given level.</doc>
<msg timestamp="20231028 13:20:00.955" level="INFO">PL</msg>
<status status="PASS" starttime="20231028 13:20:00.955" endtime="20231028 13:20:00.955"/>
</kw>
<kw name="Get test address data" library="DataManager">
<arg>${TD_ADR.${country}}</arg>
<kw name="Get CONFIG Test data" library="DataManager">
<var>&amp;{ADRDATA_TC}</var>
<arg>${TestDataPath}</arg>
<kw name="Get Cfg Data" library="config">
<var>${CONFIGData}</var>
<arg>${FilePathCONFIG}</arg>
<msg timestamp="20231028 13:20:00.961" level="INFO">${CONFIGData} = {'PL_SET_1': {'country': 'PL', 'street_given': 'South Mall', 'street_index': 'South Mall', 'city_given': 'Cork'}, 'PL_SET_2': {'country': 'PL', 'street_given': 'Lawrence Grove', 'street_index': 'Lawre...</msg>
<status status="PASS" starttime="20231028 13:20:00.958" endtime="20231028 13:20:00.961"/>
</kw>
<msg timestamp="20231028 13:20:00.962" level="INFO">&amp;{ADRDATA_TC} = { PL_SET_1={'country': 'PL', 'street_given': 'South Mall', 'street_index': 'South Mall', 'city_given': 'Cork'} | PL_SET_2={'country': 'PL', 'street_given': 'Lawrence Grove', 'street_index': 'Lawrence ...</msg>
<status status="PASS" starttime="20231028 13:20:00.958" endtime="20231028 13:20:00.962"/>
</kw>
<kw name="Set Test Variable" library="BuiltIn">
<arg>&amp;{ADRDATA_TC}</arg>
<doc>Makes a variable available everywhere within the scope of the current test.</doc>
<msg timestamp="20231028 13:20:00.963" level="INFO">&amp;{ADRDATA_TC} = { PL_SET_1={'country': 'PL', 'street_given': 'South Mall', 'street_index': 'South Mall', 'city_given': 'Cork'} | PL_SET_2={'country': 'PL', 'street_given': 'Lawrence Grove', 'street_index': 'Lawrence ...</msg>
<status status="PASS" starttime="20231028 13:20:00.962" endtime="20231028 13:20:00.964"/>
</kw>
<status status="PASS" starttime="20231028 13:20:00.956" endtime="20231028 13:20:00.964"/>
</kw>
<kw name="Evaluate" library="BuiltIn">
<var>${NMBR}</var>
<arg>random.randint(1, 5)</arg>
<doc>Evaluates the given expression in Python and returns the result.</doc>
<msg timestamp="20231028 13:20:00.965" level="INFO">${NMBR} = 5</msg>
<status status="PASS" starttime="20231028 13:20:00.964" endtime="20231028 13:20:00.965"/>
</kw>
<kw name="Format String" library="String">
<var>${Profile}</var>
<arg>${country}_SET_${NMBR}</arg>
<doc>Formats a ``template`` using the given ``positional`` and ``named`` arguments.</doc>
<msg timestamp="20231028 13:20:00.966" level="INFO">${Profile} = PL_SET_5</msg>
<status status="PASS" starttime="20231028 13:20:00.965" endtime="20231028 13:20:00.966"/>
</kw>
<msg timestamp="20231028 13:20:00.967" level="INFO">${per_str} = {'country': 'PL', 'street_given': 'Ul. Półwiejska', 'street_index': 'Ul. Półwiejska', 'city_given': 'Poznań'}</msg>
<status status="PASS" starttime="20231028 13:20:00.952" endtime="20231028 13:20:00.968"/>
</kw>
<kw name="Clear Element Text" library="SeleniumLibrary">
<arg>xpath=${${System}_ACCCR_LOC.SER_ADR}</arg>
<doc>Clears the value of the text-input-element identified by ``locator``.</doc>
<msg timestamp="20231028 13:20:00.978" level="WARN">Keyword 'Capture Page Screenshot' could not be run on failure: Message: no such window: target window already closed
from unknown error: web view not found
  (Session info: chrome=118.0.5993.89)
Stacktrace:
	GetHandleVerifier [0x00007FF7A7377892+54818]
	(No symbol) [0x00007FF7A72E6AC2]
	(No symbol) [0x00007FF7A719DA3B]
	(No symbol) [0x00007FF7A717DEE8]
	(No symbol) [0x00007FF7A7203237]
	(No symbol) [0x00007FF7A7216C6F]
	(No symbol) [0x00007FF7A71FE883]
	(No symbol) [0x00007FF7A71D3691]
	(No symbol) [0x00007FF7A71D48D4]
	GetHandleVerifier [0x00007FF7A76DB992+3610402]
	GetHandleVerifier [0x00007FF7A7731860+3962352]
	GetHandleVerifier [0x00007FF7A7729D4F+3930847]
	GetHandleVerifier [0x00007FF7A7413646+693206]
	(No symbol) [0x00007FF7A72F1628]
	(No symbol) [0x00007FF7A72ED934]
	(No symbol) [0x00007FF7A72EDA62]
	(No symbol) [0x00007FF7A72DE113]
	BaseThreadInitThunk [0x00007FFD0149257D+29]
	RtlUserThreadStart [0x00007FFD01DAAA78+40]
</msg>
<msg timestamp="20231028 13:20:00.982" level="FAIL">NoSuchWindowException: Message: no such window: target window already closed
from unknown error: web view not found
  (Session info: chrome=118.0.5993.89)
Stacktrace:
	GetHandleVerifier [0x00007FF7A7377892+54818]
	(No symbol) [0x00007FF7A72E6AC2]
	(No symbol) [0x00007FF7A719DA3B]
	(No symbol) [0x00007FF7A717DEE8]
	(No symbol) [0x00007FF7A7203237]
	(No symbol) [0x00007FF7A7216C6F]
	(No symbol) [0x00007FF7A71FE883]
	(No symbol) [0x00007FF7A71D3691]
	(No symbol) [0x00007FF7A71D48D4]
	GetHandleVerifier [0x00007FF7A76DB992+3610402]
	GetHandleVerifier [0x00007FF7A7731860+3962352]
	GetHandleVerifier [0x00007FF7A7729D4F+3930847]
	GetHandleVerifier [0x00007FF7A7413646+693206]
	(No symbol) [0x00007FF7A72F1628]
	(No symbol) [0x00007FF7A72ED934]
	(No symbol) [0x00007FF7A72EDA62]
	(No symbol) [0x00007FF7A72DE113]
	BaseThreadInitThunk [0x00007FFD0149257D+29]
	RtlUserThreadStart [0x00007FFD01DAAA78+40]
</msg>
<status status="FAIL" starttime="20231028 13:20:00.968" endtime="20231028 13:20:00.986"/>
</kw>
<kw name="Press Keys" library="SeleniumLibrary">
<arg>xpath=${${System}_ACCCR_LOC.SER_ADR}</arg>
<arg>${per_str.street_given}</arg>
<doc>Simulates the user pressing key(s) to an element or on the active browser.</doc>
<status status="NOT RUN" starttime="20231028 13:20:00.986" endtime="20231028 13:20:00.986"/>
</kw>
<kw name="Sleep" library="BuiltIn">
<arg>4s</arg>
<doc>Pauses the test executed for the given time.</doc>
<status status="NOT RUN" starttime="20231028 13:20:00.987" endtime="20231028 13:20:00.987"/>
</kw>
<kw name="Evaluate" library="BuiltIn">
<var>${NMBR}</var>
<arg>random.randint(1, 2)</arg>
<doc>Evaluates the given expression in Python and returns the result.</doc>
<status status="NOT RUN" starttime="20231028 13:20:00.987" endtime="20231028 13:20:00.987"/>
</kw>
<kw name="Sleep" library="BuiltIn">
<arg>10s</arg>
<doc>Pauses the test executed for the given time.</doc>
<status status="NOT RUN" starttime="20231028 13:20:00.987" endtime="20231028 13:20:00.988"/>
</kw>
<kw name="Press Keys" library="SeleniumLibrary">
<arg>xpath=(//span[contains(text(),'${per_str.street_given}')])[${NMBR}]</arg>
<arg>ENTER</arg>
<doc>Simulates the user pressing key(s) to an element or on the active browser.</doc>
<status status="NOT RUN" starttime="20231028 13:20:00.988" endtime="20231028 13:20:00.988"/>
</kw>
<kw name="Sleep" library="BuiltIn">
<arg>10s</arg>
<doc>Pauses the test executed for the given time.</doc>
<status status="NOT RUN" starttime="20231028 13:20:00.988" endtime="20231028 13:20:00.988"/>
</kw>
<status status="FAIL" starttime="20231028 13:20:00.950" endtime="20231028 13:20:00.989"/>
</kw>
<kw name="Search and set the address" library="Functions_Web">
<arg>${address_data}</arg>
<arg>${System}</arg>
<kw name="Get an address set" library="DataManager">
<var>${per_str}</var>
<arg>${addressdata}</arg>
<kw name="Get From Dictionary" library="Collections">
<var>${country}</var>
<arg>${ADRDATA.${testdata}}</arg>
<arg>country</arg>
<doc>Returns a value from the given ``dictionary`` based on the given ``key``.</doc>
<msg timestamp="20231028 13:20:03.993" level="INFO">${country} = PL</msg>
<status status="PASS" starttime="20231028 13:20:03.991" endtime="20231028 13:20:03.993"/>
</kw>
<kw name="Log" library="BuiltIn">
<arg>${country}</arg>
<doc>Logs the given message with the given level.</doc>
<msg timestamp="20231028 13:20:03.994" level="INFO">PL</msg>
<status status="PASS" starttime="20231028 13:20:03.993" endtime="20231028 13:20:03.994"/>
</kw>
<kw name="Get test address data" library="DataManager">
<arg>${TD_ADR.${country}}</arg>
<kw name="Get CONFIG Test data" library="DataManager">
<var>&amp;{ADRDATA_TC}</var>
<arg>${TestDataPath}</arg>
<kw name="Get Cfg Data" library="config">
<var>${CONFIGData}</var>
<arg>${FilePathCONFIG}</arg>
<msg timestamp="20231028 13:20:03.999" level="INFO">${CONFIGData} = {'PL_SET_1': {'country': 'PL', 'street_given': 'South Mall', 'street_index': 'South Mall', 'city_given': 'Cork'}, 'PL_SET_2': {'country': 'PL', 'street_given': 'Lawrence Grove', 'street_index': 'Lawre...</msg>
<status status="PASS" starttime="20231028 13:20:03.997" endtime="20231028 13:20:03.999"/>
</kw>
<msg timestamp="20231028 13:20:04.000" level="INFO">&amp;{ADRDATA_TC} = { PL_SET_1={'country': 'PL', 'street_given': 'South Mall', 'street_index': 'South Mall', 'city_given': 'Cork'} | PL_SET_2={'country': 'PL', 'street_given': 'Lawrence Grove', 'street_index': 'Lawrence ...</msg>
<status status="PASS" starttime="20231028 13:20:03.996" endtime="20231028 13:20:04.000"/>
</kw>
<kw name="Set Test Variable" library="BuiltIn">
<arg>&amp;{ADRDATA_TC}</arg>
<doc>Makes a variable available everywhere within the scope of the current test.</doc>
<msg timestamp="20231028 13:20:04.002" level="INFO">&amp;{ADRDATA_TC} = { PL_SET_1={'country': 'PL', 'street_given': 'South Mall', 'street_index': 'South Mall', 'city_given': 'Cork'} | PL_SET_2={'country': 'PL', 'street_given': 'Lawrence Grove', 'street_index': 'Lawrence ...</msg>
<status status="PASS" starttime="20231028 13:20:04.000" endtime="20231028 13:20:04.002"/>
</kw>
<status status="PASS" starttime="20231028 13:20:03.994" endtime="20231028 13:20:04.002"/>
</kw>
<kw name="Evaluate" library="BuiltIn">
<var>${NMBR}</var>
<arg>random.randint(1, 5)</arg>
<doc>Evaluates the given expression in Python and returns the result.</doc>
<msg timestamp="20231028 13:20:04.003" level="INFO">${NMBR} = 1</msg>
<status status="PASS" starttime="20231028 13:20:04.002" endtime="20231028 13:20:04.003"/>
</kw>
<kw name="Format String" library="String">
<var>${Profile}</var>
<arg>${country}_SET_${NMBR}</arg>
<doc>Formats a ``template`` using the given ``positional`` and ``named`` arguments.</doc>
<msg timestamp="20231028 13:20:04.004" level="INFO">${Profile} = PL_SET_1</msg>
<status status="PASS" starttime="20231028 13:20:04.003" endtime="20231028 13:20:04.004"/>
</kw>
<msg timestamp="20231028 13:20:04.005" level="INFO">${per_str} = {'country': 'PL', 'street_given': 'South Mall', 'street_index': 'South Mall', 'city_given': 'Cork'}</msg>
<status status="PASS" starttime="20231028 13:20:03.990" endtime="20231028 13:20:04.006"/>
</kw>
<kw name="Clear Element Text" library="SeleniumLibrary">
<arg>xpath=${${System}_ACCCR_LOC.SER_ADR}</arg>
<doc>Clears the value of the text-input-element identified by ``locator``.</doc>
<msg timestamp="20231028 13:20:04.015" level="WARN">Keyword 'Capture Page Screenshot' could not be run on failure: Message: no such window: target window already closed
from unknown error: web view not found
  (Session info: chrome=118.0.5993.89)
Stacktrace:
	GetHandleVerifier [0x00007FF7A7377892+54818]
	(No symbol) [0x00007FF7A72E6AC2]
	(No symbol) [0x00007FF7A719DA3B]
	(No symbol) [0x00007FF7A717DEE8]
	(No symbol) [0x00007FF7A7203237]
	(No symbol) [0x00007FF7A7216C6F]
	(No symbol) [0x00007FF7A71FE883]
	(No symbol) [0x00007FF7A71D3691]
	(No symbol) [0x00007FF7A71D48D4]
	GetHandleVerifier [0x00007FF7A76DB992+3610402]
	GetHandleVerifier [0x00007FF7A7731860+3962352]
	GetHandleVerifier [0x00007FF7A7729D4F+3930847]
	GetHandleVerifier [0x00007FF7A7413646+693206]
	(No symbol) [0x00007FF7A72F1628]
	(No symbol) [0x00007FF7A72ED934]
	(No symbol) [0x00007FF7A72EDA62]
	(No symbol) [0x00007FF7A72DE113]
	BaseThreadInitThunk [0x00007FFD0149257D+29]
	RtlUserThreadStart [0x00007FFD01DAAA78+40]
</msg>
<msg timestamp="20231028 13:20:04.019" level="FAIL">NoSuchWindowException: Message: no such window: target window already closed
from unknown error: web view not found
  (Session info: chrome=118.0.5993.89)
Stacktrace:
	GetHandleVerifier [0x00007FF7A7377892+54818]
	(No symbol) [0x00007FF7A72E6AC2]
	(No symbol) [0x00007FF7A719DA3B]
	(No symbol) [0x00007FF7A717DEE8]
	(No symbol) [0x00007FF7A7203237]
	(No symbol) [0x00007FF7A7216C6F]
	(No symbol) [0x00007FF7A71FE883]
	(No symbol) [0x00007FF7A71D3691]
	(No symbol) [0x00007FF7A71D48D4]
	GetHandleVerifier [0x00007FF7A76DB992+3610402]
	GetHandleVerifier [0x00007FF7A7731860+3962352]
	GetHandleVerifier [0x00007FF7A7729D4F+3930847]
	GetHandleVerifier [0x00007FF7A7413646+693206]
	(No symbol) [0x00007FF7A72F1628]
	(No symbol) [0x00007FF7A72ED934]
	(No symbol) [0x00007FF7A72EDA62]
	(No symbol) [0x00007FF7A72DE113]
	BaseThreadInitThunk [0x00007FFD0149257D+29]
	RtlUserThreadStart [0x00007FFD01DAAA78+40]
</msg>
<status status="FAIL" starttime="20231028 13:20:04.006" endtime="20231028 13:20:04.022"/>
</kw>
<kw name="Press Keys" library="SeleniumLibrary">
<arg>xpath=${${System}_ACCCR_LOC.SER_ADR}</arg>
<arg>${per_str.street_given}</arg>
<doc>Simulates the user pressing key(s) to an element or on the active browser.</doc>
<status status="NOT RUN" starttime="20231028 13:20:04.022" endtime="20231028 13:20:04.022"/>
</kw>
<kw name="Sleep" library="BuiltIn">
<arg>4s</arg>
<doc>Pauses the test executed for the given time.</doc>
<status status="NOT RUN" starttime="20231028 13:20:04.023" endtime="20231028 13:20:04.023"/>
</kw>
<kw name="Evaluate" library="BuiltIn">
<var>${NMBR}</var>
<arg>random.randint(1, 2)</arg>
<doc>Evaluates the given expression in Python and returns the result.</doc>
<status status="NOT RUN" starttime="20231028 13:20:04.023" endtime="20231028 13:20:04.023"/>
</kw>
<kw name="Sleep" library="BuiltIn">
<arg>10s</arg>
<doc>Pauses the test executed for the given time.</doc>
<status status="NOT RUN" starttime="20231028 13:20:04.023" endtime="20231028 13:20:04.023"/>
</kw>
<kw name="Press Keys" library="SeleniumLibrary">
<arg>xpath=(//span[contains(text(),'${per_str.street_given}')])[${NMBR}]</arg>
<arg>ENTER</arg>
<doc>Simulates the user pressing key(s) to an element or on the active browser.</doc>
<status status="NOT RUN" starttime="20231028 13:20:04.024" endtime="20231028 13:20:04.024"/>
</kw>
<kw name="Sleep" library="BuiltIn">
<arg>10s</arg>
<doc>Pauses the test executed for the given time.</doc>
<status status="NOT RUN" starttime="20231028 13:20:04.024" endtime="20231028 13:20:04.024"/>
</kw>
<status status="FAIL" starttime="20231028 13:20:03.989" endtime="20231028 13:20:04.024"/>
</kw>
<kw name="Search and set the address" library="Functions_Web">
<arg>${address_data}</arg>
<arg>${System}</arg>
<kw name="Get an address set" library="DataManager">
<var>${per_str}</var>
<arg>${addressdata}</arg>
<kw name="Get From Dictionary" library="Collections">
<var>${country}</var>
<arg>${ADRDATA.${testdata}}</arg>
<arg>country</arg>
<doc>Returns a value from the given ``dictionary`` based on the given ``key``.</doc>
<msg timestamp="20231028 13:20:07.029" level="INFO">${country} = PL</msg>
<status status="PASS" starttime="20231028 13:20:07.027" endtime="20231028 13:20:07.029"/>
</kw>
<kw name="Log" library="BuiltIn">
<arg>${country}</arg>
<doc>Logs the given message with the given level.</doc>
<msg timestamp="20231028 13:20:07.030" level="INFO">PL</msg>
<status status="PASS" starttime="20231028 13:20:07.029" endtime="20231028 13:20:07.030"/>
</kw>
<kw name="Get test address data" library="DataManager">
<arg>${TD_ADR.${country}}</arg>
<kw name="Get CONFIG Test data" library="DataManager">
<var>&amp;{ADRDATA_TC}</var>
<arg>${TestDataPath}</arg>
<kw name="Get Cfg Data" library="config">
<var>${CONFIGData}</var>
<arg>${FilePathCONFIG}</arg>
<msg timestamp="20231028 13:20:07.036" level="INFO">${CONFIGData} = {'PL_SET_1': {'country': 'PL', 'street_given': 'South Mall', 'street_index': 'South Mall', 'city_given': 'Cork'}, 'PL_SET_2': {'country': 'PL', 'street_given': 'Lawrence Grove', 'street_index': 'Lawre...</msg>
<status status="PASS" starttime="20231028 13:20:07.033" endtime="20231028 13:20:07.036"/>
</kw>
<msg timestamp="20231028 13:20:07.037" level="INFO">&amp;{ADRDATA_TC} = { PL_SET_1={'country': 'PL', 'street_given': 'South Mall', 'street_index': 'South Mall', 'city_given': 'Cork'} | PL_SET_2={'country': 'PL', 'street_given': 'Lawrence Grove', 'street_index': 'Lawrence ...</msg>
<status status="PASS" starttime="20231028 13:20:07.033" endtime="20231028 13:20:07.037"/>
</kw>
<kw name="Set Test Variable" library="BuiltIn">
<arg>&amp;{ADRDATA_TC}</arg>
<doc>Makes a variable available everywhere within the scope of the current test.</doc>
<msg timestamp="20231028 13:20:07.038" level="INFO">&amp;{ADRDATA_TC} = { PL_SET_1={'country': 'PL', 'street_given': 'South Mall', 'street_index': 'South Mall', 'city_given': 'Cork'} | PL_SET_2={'country': 'PL', 'street_given': 'Lawrence Grove', 'street_index': 'Lawrence ...</msg>
<status status="PASS" starttime="20231028 13:20:07.037" endtime="20231028 13:20:07.038"/>
</kw>
<status status="PASS" starttime="20231028 13:20:07.030" endtime="20231028 13:20:07.038"/>
</kw>
<kw name="Evaluate" library="BuiltIn">
<var>${NMBR}</var>
<arg>random.randint(1, 5)</arg>
<doc>Evaluates the given expression in Python and returns the result.</doc>
<msg timestamp="20231028 13:20:07.039" level="INFO">${NMBR} = 5</msg>
<status status="PASS" starttime="20231028 13:20:07.038" endtime="20231028 13:20:07.039"/>
</kw>
<kw name="Format String" library="String">
<var>${Profile}</var>
<arg>${country}_SET_${NMBR}</arg>
<doc>Formats a ``template`` using the given ``positional`` and ``named`` arguments.</doc>
<msg timestamp="20231028 13:20:07.040" level="INFO">${Profile} = PL_SET_5</msg>
<status status="PASS" starttime="20231028 13:20:07.040" endtime="20231028 13:20:07.040"/>
</kw>
<msg timestamp="20231028 13:20:07.042" level="INFO">${per_str} = {'country': 'PL', 'street_given': 'Ul. Półwiejska', 'street_index': 'Ul. Półwiejska', 'city_given': 'Poznań'}</msg>
<status status="PASS" starttime="20231028 13:20:07.026" endtime="20231028 13:20:07.042"/>
</kw>
<kw name="Clear Element Text" library="SeleniumLibrary">
<arg>xpath=${${System}_ACCCR_LOC.SER_ADR}</arg>
<doc>Clears the value of the text-input-element identified by ``locator``.</doc>
<msg timestamp="20231028 13:20:07.051" level="WARN">Keyword 'Capture Page Screenshot' could not be run on failure: Message: no such window: target window already closed
from unknown error: web view not found
  (Session info: chrome=118.0.5993.89)
Stacktrace:
	GetHandleVerifier [0x00007FF7A7377892+54818]
	(No symbol) [0x00007FF7A72E6AC2]
	(No symbol) [0x00007FF7A719DA3B]
	(No symbol) [0x00007FF7A717DEE8]
	(No symbol) [0x00007FF7A7203237]
	(No symbol) [0x00007FF7A7216C6F]
	(No symbol) [0x00007FF7A71FE883]
	(No symbol) [0x00007FF7A71D3691]
	(No symbol) [0x00007FF7A71D48D4]
	GetHandleVerifier [0x00007FF7A76DB992+3610402]
	GetHandleVerifier [0x00007FF7A7731860+3962352]
	GetHandleVerifier [0x00007FF7A7729D4F+3930847]
	GetHandleVerifier [0x00007FF7A7413646+693206]
	(No symbol) [0x00007FF7A72F1628]
	(No symbol) [0x00007FF7A72ED934]
	(No symbol) [0x00007FF7A72EDA62]
	(No symbol) [0x00007FF7A72DE113]
	BaseThreadInitThunk [0x00007FFD0149257D+29]
	RtlUserThreadStart [0x00007FFD01DAAA78+40]
</msg>
<msg timestamp="20231028 13:20:07.056" level="FAIL">NoSuchWindowException: Message: no such window: target window already closed
from unknown error: web view not found
  (Session info: chrome=118.0.5993.89)
Stacktrace:
	GetHandleVerifier [0x00007FF7A7377892+54818]
	(No symbol) [0x00007FF7A72E6AC2]
	(No symbol) [0x00007FF7A719DA3B]
	(No symbol) [0x00007FF7A717DEE8]
	(No symbol) [0x00007FF7A7203237]
	(No symbol) [0x00007FF7A7216C6F]
	(No symbol) [0x00007FF7A71FE883]
	(No symbol) [0x00007FF7A71D3691]
	(No symbol) [0x00007FF7A71D48D4]
	GetHandleVerifier [0x00007FF7A76DB992+3610402]
	GetHandleVerifier [0x00007FF7A7731860+3962352]
	GetHandleVerifier [0x00007FF7A7729D4F+3930847]
	GetHandleVerifier [0x00007FF7A7413646+693206]
	(No symbol) [0x00007FF7A72F1628]
	(No symbol) [0x00007FF7A72ED934]
	(No symbol) [0x00007FF7A72EDA62]
	(No symbol) [0x00007FF7A72DE113]
	BaseThreadInitThunk [0x00007FFD0149257D+29]
	RtlUserThreadStart [0x00007FFD01DAAA78+40]
</msg>
<status status="FAIL" starttime="20231028 13:20:07.042" endtime="20231028 13:20:07.059"/>
</kw>
<kw name="Press Keys" library="SeleniumLibrary">
<arg>xpath=${${System}_ACCCR_LOC.SER_ADR}</arg>
<arg>${per_str.street_given}</arg>
<doc>Simulates the user pressing key(s) to an element or on the active browser.</doc>
<status status="NOT RUN" starttime="20231028 13:20:07.060" endtime="20231028 13:20:07.060"/>
</kw>
<kw name="Sleep" library="BuiltIn">
<arg>4s</arg>
<doc>Pauses the test executed for the given time.</doc>
<status status="NOT RUN" starttime="20231028 13:20:07.060" endtime="20231028 13:20:07.060"/>
</kw>
<kw name="Evaluate" library="BuiltIn">
<var>${NMBR}</var>
<arg>random.randint(1, 2)</arg>
<doc>Evaluates the given expression in Python and returns the result.</doc>
<status status="NOT RUN" starttime="20231028 13:20:07.061" endtime="20231028 13:20:07.061"/>
</kw>
<kw name="Sleep" library="BuiltIn">
<arg>10s</arg>
<doc>Pauses the test executed for the given time.</doc>
<status status="NOT RUN" starttime="20231028 13:20:07.061" endtime="20231028 13:20:07.061"/>
</kw>
<kw name="Press Keys" library="SeleniumLibrary">
<arg>xpath=(//span[contains(text(),'${per_str.street_given}')])[${NMBR}]</arg>
<arg>ENTER</arg>
<doc>Simulates the user pressing key(s) to an element or on the active browser.</doc>
<status status="NOT RUN" starttime="20231028 13:20:07.061" endtime="20231028 13:20:07.061"/>
</kw>
<kw name="Sleep" library="BuiltIn">
<arg>10s</arg>
<doc>Pauses the test executed for the given time.</doc>
<status status="NOT RUN" starttime="20231028 13:20:07.062" endtime="20231028 13:20:07.062"/>
</kw>
<status status="FAIL" starttime="20231028 13:20:07.025" endtime="20231028 13:20:07.062"/>
</kw>
<kw name="Search and set the address" library="Functions_Web">
<arg>${address_data}</arg>
<arg>${System}</arg>
<kw name="Get an address set" library="DataManager">
<var>${per_str}</var>
<arg>${addressdata}</arg>
<kw name="Get From Dictionary" library="Collections">
<var>${country}</var>
<arg>${ADRDATA.${testdata}}</arg>
<arg>country</arg>
<doc>Returns a value from the given ``dictionary`` based on the given ``key``.</doc>
<msg timestamp="20231028 13:20:10.066" level="INFO">${country} = PL</msg>
<status status="PASS" starttime="20231028 13:20:10.064" endtime="20231028 13:20:10.066"/>
</kw>
<kw name="Log" library="BuiltIn">
<arg>${country}</arg>
<doc>Logs the given message with the given level.</doc>
<msg timestamp="20231028 13:20:10.066" level="INFO">PL</msg>
<status status="PASS" starttime="20231028 13:20:10.066" endtime="20231028 13:20:10.066"/>
</kw>
<kw name="Get test address data" library="DataManager">
<arg>${TD_ADR.${country}}</arg>
<kw name="Get CONFIG Test data" library="DataManager">
<var>&amp;{ADRDATA_TC}</var>
<arg>${TestDataPath}</arg>
<kw name="Get Cfg Data" library="config">
<var>${CONFIGData}</var>
<arg>${FilePathCONFIG}</arg>
<msg timestamp="20231028 13:20:10.073" level="INFO">${CONFIGData} = {'PL_SET_1': {'country': 'PL', 'street_given': 'South Mall', 'street_index': 'South Mall', 'city_given': 'Cork'}, 'PL_SET_2': {'country': 'PL', 'street_given': 'Lawrence Grove', 'street_index': 'Lawre...</msg>
<status status="PASS" starttime="20231028 13:20:10.069" endtime="20231028 13:20:10.074"/>
</kw>
<msg timestamp="20231028 13:20:10.074" level="INFO">&amp;{ADRDATA_TC} = { PL_SET_1={'country': 'PL', 'street_given': 'South Mall', 'street_index': 'South Mall', 'city_given': 'Cork'} | PL_SET_2={'country': 'PL', 'street_given': 'Lawrence Grove', 'street_index': 'Lawrence ...</msg>
<status status="PASS" starttime="20231028 13:20:10.069" endtime="20231028 13:20:10.074"/>
</kw>
<kw name="Set Test Variable" library="BuiltIn">
<arg>&amp;{ADRDATA_TC}</arg>
<doc>Makes a variable available everywhere within the scope of the current test.</doc>
<msg timestamp="20231028 13:20:10.075" level="INFO">&amp;{ADRDATA_TC} = { PL_SET_1={'country': 'PL', 'street_given': 'South Mall', 'street_index': 'South Mall', 'city_given': 'Cork'} | PL_SET_2={'country': 'PL', 'street_given': 'Lawrence Grove', 'street_index': 'Lawrence ...</msg>
<status status="PASS" starttime="20231028 13:20:10.074" endtime="20231028 13:20:10.075"/>
</kw>
<status status="PASS" starttime="20231028 13:20:10.067" endtime="20231028 13:20:10.076"/>
</kw>
<kw name="Evaluate" library="BuiltIn">
<var>${NMBR}</var>
<arg>random.randint(1, 5)</arg>
<doc>Evaluates the given expression in Python and returns the result.</doc>
<msg timestamp="20231028 13:20:10.076" level="INFO">${NMBR} = 5</msg>
<status status="PASS" starttime="20231028 13:20:10.076" endtime="20231028 13:20:10.076"/>
</kw>
<kw name="Format String" library="String">
<var>${Profile}</var>
<arg>${country}_SET_${NMBR}</arg>
<doc>Formats a ``template`` using the given ``positional`` and ``named`` arguments.</doc>
<msg timestamp="20231028 13:20:10.077" level="INFO">${Profile} = PL_SET_5</msg>
<status status="PASS" starttime="20231028 13:20:10.077" endtime="20231028 13:20:10.077"/>
</kw>
<msg timestamp="20231028 13:20:10.079" level="INFO">${per_str} = {'country': 'PL', 'street_given': 'Ul. Półwiejska', 'street_index': 'Ul. Półwiejska', 'city_given': 'Poznań'}</msg>
<status status="PASS" starttime="20231028 13:20:10.063" endtime="20231028 13:20:10.079"/>
</kw>
<kw name="Clear Element Text" library="SeleniumLibrary">
<arg>xpath=${${System}_ACCCR_LOC.SER_ADR}</arg>
<doc>Clears the value of the text-input-element identified by ``locator``.</doc>
<msg timestamp="20231028 13:20:10.087" level="WARN">Keyword 'Capture Page Screenshot' could not be run on failure: Message: no such window: target window already closed
from unknown error: web view not found
  (Session info: chrome=118.0.5993.89)
Stacktrace:
	GetHandleVerifier [0x00007FF7A7377892+54818]
	(No symbol) [0x00007FF7A72E6AC2]
	(No symbol) [0x00007FF7A719DA3B]
	(No symbol) [0x00007FF7A717DEE8]
	(No symbol) [0x00007FF7A7203237]
	(No symbol) [0x00007FF7A7216C6F]
	(No symbol) [0x00007FF7A71FE883]
	(No symbol) [0x00007FF7A71D3691]
	(No symbol) [0x00007FF7A71D48D4]
	GetHandleVerifier [0x00007FF7A76DB992+3610402]
	GetHandleVerifier [0x00007FF7A7731860+3962352]
	GetHandleVerifier [0x00007FF7A7729D4F+3930847]
	GetHandleVerifier [0x00007FF7A7413646+693206]
	(No symbol) [0x00007FF7A72F1628]
	(No symbol) [0x00007FF7A72ED934]
	(No symbol) [0x00007FF7A72EDA62]
	(No symbol) [0x00007FF7A72DE113]
	BaseThreadInitThunk [0x00007FFD0149257D+29]
	RtlUserThreadStart [0x00007FFD01DAAA78+40]
</msg>
<msg timestamp="20231028 13:20:10.091" level="FAIL">NoSuchWindowException: Message: no such window: target window already closed
from unknown error: web view not found
  (Session info: chrome=118.0.5993.89)
Stacktrace:
	GetHandleVerifier [0x00007FF7A7377892+54818]
	(No symbol) [0x00007FF7A72E6AC2]
	(No symbol) [0x00007FF7A719DA3B]
	(No symbol) [0x00007FF7A717DEE8]
	(No symbol) [0x00007FF7A7203237]
	(No symbol) [0x00007FF7A7216C6F]
	(No symbol) [0x00007FF7A71FE883]
	(No symbol) [0x00007FF7A71D3691]
	(No symbol) [0x00007FF7A71D48D4]
	GetHandleVerifier [0x00007FF7A76DB992+3610402]
	GetHandleVerifier [0x00007FF7A7731860+3962352]
	GetHandleVerifier [0x00007FF7A7729D4F+3930847]
	GetHandleVerifier [0x00007FF7A7413646+693206]
	(No symbol) [0x00007FF7A72F1628]
	(No symbol) [0x00007FF7A72ED934]
	(No symbol) [0x00007FF7A72EDA62]
	(No symbol) [0x00007FF7A72DE113]
	BaseThreadInitThunk [0x00007FFD0149257D+29]
	RtlUserThreadStart [0x00007FFD01DAAA78+40]
</msg>
<status status="FAIL" starttime="20231028 13:20:10.079" endtime="20231028 13:20:10.094"/>
</kw>
<kw name="Press Keys" library="SeleniumLibrary">
<arg>xpath=${${System}_ACCCR_LOC.SER_ADR}</arg>
<arg>${per_str.street_given}</arg>
<doc>Simulates the user pressing key(s) to an element or on the active browser.</doc>
<status status="NOT RUN" starttime="20231028 13:20:10.095" endtime="20231028 13:20:10.095"/>
</kw>
<kw name="Sleep" library="BuiltIn">
<arg>4s</arg>
<doc>Pauses the test executed for the given time.</doc>
<status status="NOT RUN" starttime="20231028 13:20:10.095" endtime="20231028 13:20:10.095"/>
</kw>
<kw name="Evaluate" library="BuiltIn">
<var>${NMBR}</var>
<arg>random.randint(1, 2)</arg>
<doc>Evaluates the given expression in Python and returns the result.</doc>
<status status="NOT RUN" starttime="20231028 13:20:10.095" endtime="20231028 13:20:10.095"/>
</kw>
<kw name="Sleep" library="BuiltIn">
<arg>10s</arg>
<doc>Pauses the test executed for the given time.</doc>
<status status="NOT RUN" starttime="20231028 13:20:10.096" endtime="20231028 13:20:10.096"/>
</kw>
<kw name="Press Keys" library="SeleniumLibrary">
<arg>xpath=(//span[contains(text(),'${per_str.street_given}')])[${NMBR}]</arg>
<arg>ENTER</arg>
<doc>Simulates the user pressing key(s) to an element or on the active browser.</doc>
<status status="NOT RUN" starttime="20231028 13:20:10.096" endtime="20231028 13:20:10.096"/>
</kw>
<kw name="Sleep" library="BuiltIn">
<arg>10s</arg>
<doc>Pauses the test executed for the given time.</doc>
<status status="NOT RUN" starttime="20231028 13:20:10.096" endtime="20231028 13:20:10.096"/>
</kw>
<status status="FAIL" starttime="20231028 13:20:10.062" endtime="20231028 13:20:10.097"/>
</kw>
<kw name="Search and set the address" library="Functions_Web">
<arg>${address_data}</arg>
<arg>${System}</arg>
<kw name="Get an address set" library="DataManager">
<var>${per_str}</var>
<arg>${addressdata}</arg>
<kw name="Get From Dictionary" library="Collections">
<var>${country}</var>
<arg>${ADRDATA.${testdata}}</arg>
<arg>country</arg>
<doc>Returns a value from the given ``dictionary`` based on the given ``key``.</doc>
<msg timestamp="20231028 13:20:13.099" level="INFO">${country} = PL</msg>
<status status="PASS" starttime="20231028 13:20:13.098" endtime="20231028 13:20:13.099"/>
</kw>
<kw name="Log" library="BuiltIn">
<arg>${country}</arg>
<doc>Logs the given message with the given level.</doc>
<msg timestamp="20231028 13:20:13.099" level="INFO">PL</msg>
<status status="PASS" starttime="20231028 13:20:13.099" endtime="20231028 13:20:13.099"/>
</kw>
<kw name="Get test address data" library="DataManager">
<arg>${TD_ADR.${country}}</arg>
<kw name="Get CONFIG Test data" library="DataManager">
<var>&amp;{ADRDATA_TC}</var>
<arg>${TestDataPath}</arg>
<kw name="Get Cfg Data" library="config">
<var>${CONFIGData}</var>
<arg>${FilePathCONFIG}</arg>
<msg timestamp="20231028 13:20:13.101" level="INFO">${CONFIGData} = {'PL_SET_1': {'country': 'PL', 'street_given': 'South Mall', 'street_index': 'South Mall', 'city_given': 'Cork'}, 'PL_SET_2': {'country': 'PL', 'street_given': 'Lawrence Grove', 'street_index': 'Lawre...</msg>
<status status="PASS" starttime="20231028 13:20:13.100" endtime="20231028 13:20:13.101"/>
</kw>
<msg timestamp="20231028 13:20:13.101" level="INFO">&amp;{ADRDATA_TC} = { PL_SET_1={'country': 'PL', 'street_given': 'South Mall', 'street_index': 'South Mall', 'city_given': 'Cork'} | PL_SET_2={'country': 'PL', 'street_given': 'Lawrence Grove', 'street_index': 'Lawrence ...</msg>
<status status="PASS" starttime="20231028 13:20:13.100" endtime="20231028 13:20:13.102"/>
</kw>
<kw name="Set Test Variable" library="BuiltIn">
<arg>&amp;{ADRDATA_TC}</arg>
<doc>Makes a variable available everywhere within the scope of the current test.</doc>
<msg timestamp="20231028 13:20:13.102" level="INFO">&amp;{ADRDATA_TC} = { PL_SET_1={'country': 'PL', 'street_given': 'South Mall', 'street_index': 'South Mall', 'city_given': 'Cork'} | PL_SET_2={'country': 'PL', 'street_given': 'Lawrence Grove', 'street_index': 'Lawrence ...</msg>
<status status="PASS" starttime="20231028 13:20:13.102" endtime="20231028 13:20:13.102"/>
</kw>
<status status="PASS" starttime="20231028 13:20:13.099" endtime="20231028 13:20:13.102"/>
</kw>
<kw name="Evaluate" library="BuiltIn">
<var>${NMBR}</var>
<arg>random.randint(1, 5)</arg>
<doc>Evaluates the given expression in Python and returns the result.</doc>
<msg timestamp="20231028 13:20:13.102" level="INFO">${NMBR} = 4</msg>
<status status="PASS" starttime="20231028 13:20:13.102" endtime="20231028 13:20:13.102"/>
</kw>
<kw name="Format String" library="String">
<var>${Profile}</var>
<arg>${country}_SET_${NMBR}</arg>
<doc>Formats a ``template`` using the given ``positional`` and ``named`` arguments.</doc>
<msg timestamp="20231028 13:20:13.103" level="INFO">${Profile} = PL_SET_4</msg>
<status status="PASS" starttime="20231028 13:20:13.102" endtime="20231028 13:20:13.103"/>
</kw>
<msg timestamp="20231028 13:20:13.103" level="INFO">${per_str} = {'country': 'PL', 'street_given': 'ul. Aleje Jerozolimskie', 'street_index': 'ul. Aleje Jerozolimskie', 'city_given': 'Brzeg Dolny'}</msg>
<status status="PASS" starttime="20231028 13:20:13.098" endtime="20231028 13:20:13.103"/>
</kw>
<kw name="Clear Element Text" library="SeleniumLibrary">
<arg>xpath=${${System}_ACCCR_LOC.SER_ADR}</arg>
<doc>Clears the value of the text-input-element identified by ``locator``.</doc>
<msg timestamp="20231028 13:20:13.107" level="WARN">Keyword 'Capture Page Screenshot' could not be run on failure: Message: no such window: target window already closed
from unknown error: web view not found
  (Session info: chrome=118.0.5993.89)
Stacktrace:
	GetHandleVerifier [0x00007FF7A7377892+54818]
	(No symbol) [0x00007FF7A72E6AC2]
	(No symbol) [0x00007FF7A719DA3B]
	(No symbol) [0x00007FF7A717DEE8]
	(No symbol) [0x00007FF7A7203237]
	(No symbol) [0x00007FF7A7216C6F]
	(No symbol) [0x00007FF7A71FE883]
	(No symbol) [0x00007FF7A71D3691]
	(No symbol) [0x00007FF7A71D48D4]
	GetHandleVerifier [0x00007FF7A76DB992+3610402]
	GetHandleVerifier [0x00007FF7A7731860+3962352]
	GetHandleVerifier [0x00007FF7A7729D4F+3930847]
	GetHandleVerifier [0x00007FF7A7413646+693206]
	(No symbol) [0x00007FF7A72F1628]
	(No symbol) [0x00007FF7A72ED934]
	(No symbol) [0x00007FF7A72EDA62]
	(No symbol) [0x00007FF7A72DE113]
	BaseThreadInitThunk [0x00007FFD0149257D+29]
	RtlUserThreadStart [0x00007FFD01DAAA78+40]
</msg>
<msg timestamp="20231028 13:20:13.108" level="FAIL">NoSuchWindowException: Message: no such window: target window already closed
from unknown error: web view not found
  (Session info: chrome=118.0.5993.89)
Stacktrace:
	GetHandleVerifier [0x00007FF7A7377892+54818]
	(No symbol) [0x00007FF7A72E6AC2]
	(No symbol) [0x00007FF7A719DA3B]
	(No symbol) [0x00007FF7A717DEE8]
	(No symbol) [0x00007FF7A7203237]
	(No symbol) [0x00007FF7A7216C6F]
	(No symbol) [0x00007FF7A71FE883]
	(No symbol) [0x00007FF7A71D3691]
	(No symbol) [0x00007FF7A71D48D4]
	GetHandleVerifier [0x00007FF7A76DB992+3610402]
	GetHandleVerifier [0x00007FF7A7731860+3962352]
	GetHandleVerifier [0x00007FF7A7729D4F+3930847]
	GetHandleVerifier [0x00007FF7A7413646+693206]
	(No symbol) [0x00007FF7A72F1628]
	(No symbol) [0x00007FF7A72ED934]
	(No symbol) [0x00007FF7A72EDA62]
	(No symbol) [0x00007FF7A72DE113]
	BaseThreadInitThunk [0x00007FFD0149257D+29]
	RtlUserThreadStart [0x00007FFD01DAAA78+40]
</msg>
<status status="FAIL" starttime="20231028 13:20:13.103" endtime="20231028 13:20:13.110"/>
</kw>
<kw name="Press Keys" library="SeleniumLibrary">
<arg>xpath=${${System}_ACCCR_LOC.SER_ADR}</arg>
<arg>${per_str.street_given}</arg>
<doc>Simulates the user pressing key(s) to an element or on the active browser.</doc>
<status status="NOT RUN" starttime="20231028 13:20:13.110" endtime="20231028 13:20:13.110"/>
</kw>
<kw name="Sleep" library="BuiltIn">
<arg>4s</arg>
<doc>Pauses the test executed for the given time.</doc>
<status status="NOT RUN" starttime="20231028 13:20:13.110" endtime="20231028 13:20:13.110"/>
</kw>
<kw name="Evaluate" library="BuiltIn">
<var>${NMBR}</var>
<arg>random.randint(1, 2)</arg>
<doc>Evaluates the given expression in Python and returns the result.</doc>
<status status="NOT RUN" starttime="20231028 13:20:13.110" endtime="20231028 13:20:13.110"/>
</kw>
<kw name="Sleep" library="BuiltIn">
<arg>10s</arg>
<doc>Pauses the test executed for the given time.</doc>
<status status="NOT RUN" starttime="20231028 13:20:13.110" endtime="20231028 13:20:13.110"/>
</kw>
<kw name="Press Keys" library="SeleniumLibrary">
<arg>xpath=(//span[contains(text(),'${per_str.street_given}')])[${NMBR}]</arg>
<arg>ENTER</arg>
<doc>Simulates the user pressing key(s) to an element or on the active browser.</doc>
<status status="NOT RUN" starttime="20231028 13:20:13.110" endtime="20231028 13:20:13.110"/>
</kw>
<kw name="Sleep" library="BuiltIn">
<arg>10s</arg>
<doc>Pauses the test executed for the given time.</doc>
<status status="NOT RUN" starttime="20231028 13:20:13.110" endtime="20231028 13:20:13.110"/>
</kw>
<status status="FAIL" starttime="20231028 13:20:13.098" endtime="20231028 13:20:13.110"/>
</kw>
<kw name="Search and set the address" library="Functions_Web">
<arg>${address_data}</arg>
<arg>${System}</arg>
<kw name="Get an address set" library="DataManager">
<var>${per_str}</var>
<arg>${addressdata}</arg>
<kw name="Get From Dictionary" library="Collections">
<var>${country}</var>
<arg>${ADRDATA.${testdata}}</arg>
<arg>country</arg>
<doc>Returns a value from the given ``dictionary`` based on the given ``key``.</doc>
<msg timestamp="20231028 13:20:16.113" level="INFO">${country} = PL</msg>
<status status="PASS" starttime="20231028 13:20:16.112" endtime="20231028 13:20:16.113"/>
</kw>
<kw name="Log" library="BuiltIn">
<arg>${country}</arg>
<doc>Logs the given message with the given level.</doc>
<msg timestamp="20231028 13:20:16.114" level="INFO">PL</msg>
<status status="PASS" starttime="20231028 13:20:16.113" endtime="20231028 13:20:16.114"/>
</kw>
<kw name="Get test address data" library="DataManager">
<arg>${TD_ADR.${country}}</arg>
<kw name="Get CONFIG Test data" library="DataManager">
<var>&amp;{ADRDATA_TC}</var>
<arg>${TestDataPath}</arg>
<kw name="Get Cfg Data" library="config">
<var>${CONFIGData}</var>
<arg>${FilePathCONFIG}</arg>
<msg timestamp="20231028 13:20:16.130" level="INFO">${CONFIGData} = {'PL_SET_1': {'country': 'PL', 'street_given': 'South Mall', 'street_index': 'South Mall', 'city_given': 'Cork'}, 'PL_SET_2': {'country': 'PL', 'street_given': 'Lawrence Grove', 'street_index': 'Lawre...</msg>
<status status="PASS" starttime="20231028 13:20:16.115" endtime="20231028 13:20:16.130"/>
</kw>
<msg timestamp="20231028 13:20:16.130" level="INFO">&amp;{ADRDATA_TC} = { PL_SET_1={'country': 'PL', 'street_given': 'South Mall', 'street_index': 'South Mall', 'city_given': 'Cork'} | PL_SET_2={'country': 'PL', 'street_given': 'Lawrence Grove', 'street_index': 'Lawrence ...</msg>
<status status="PASS" starttime="20231028 13:20:16.115" endtime="20231028 13:20:16.130"/>
</kw>
<kw name="Set Test Variable" library="BuiltIn">
<arg>&amp;{ADRDATA_TC}</arg>
<doc>Makes a variable available everywhere within the scope of the current test.</doc>
<msg timestamp="20231028 13:20:16.131" level="INFO">&amp;{ADRDATA_TC} = { PL_SET_1={'country': 'PL', 'street_given': 'South Mall', 'street_index': 'South Mall', 'city_given': 'Cork'} | PL_SET_2={'country': 'PL', 'street_given': 'Lawrence Grove', 'street_index': 'Lawrence ...</msg>
<status status="PASS" starttime="20231028 13:20:16.130" endtime="20231028 13:20:16.131"/>
</kw>
<status status="PASS" starttime="20231028 13:20:16.114" endtime="20231028 13:20:16.131"/>
</kw>
<kw name="Evaluate" library="BuiltIn">
<var>${NMBR}</var>
<arg>random.randint(1, 5)</arg>
<doc>Evaluates the given expression in Python and returns the result.</doc>
<msg timestamp="20231028 13:20:16.131" level="INFO">${NMBR} = 2</msg>
<status status="PASS" starttime="20231028 13:20:16.131" endtime="20231028 13:20:16.131"/>
</kw>
<kw name="Format String" library="String">
<var>${Profile}</var>
<arg>${country}_SET_${NMBR}</arg>
<doc>Formats a ``template`` using the given ``positional`` and ``named`` arguments.</doc>
<msg timestamp="20231028 13:20:16.132" level="INFO">${Profile} = PL_SET_2</msg>
<status status="PASS" starttime="20231028 13:20:16.132" endtime="20231028 13:20:16.132"/>
</kw>
<msg timestamp="20231028 13:20:16.133" level="INFO">${per_str} = {'country': 'PL', 'street_given': 'Lawrence Grove', 'street_index': 'Lawrence Grove', 'city_given': 'Ballinasloe'}</msg>
<status status="PASS" starttime="20231028 13:20:16.112" endtime="20231028 13:20:16.133"/>
</kw>
<kw name="Clear Element Text" library="SeleniumLibrary">
<arg>xpath=${${System}_ACCCR_LOC.SER_ADR}</arg>
<doc>Clears the value of the text-input-element identified by ``locator``.</doc>
<msg timestamp="20231028 13:20:16.137" level="WARN">Keyword 'Capture Page Screenshot' could not be run on failure: Message: no such window: target window already closed
from unknown error: web view not found
  (Session info: chrome=118.0.5993.89)
Stacktrace:
	GetHandleVerifier [0x00007FF7A7377892+54818]
	(No symbol) [0x00007FF7A72E6AC2]
	(No symbol) [0x00007FF7A719DA3B]
	(No symbol) [0x00007FF7A717DEE8]
	(No symbol) [0x00007FF7A7203237]
	(No symbol) [0x00007FF7A7216C6F]
	(No symbol) [0x00007FF7A71FE883]
	(No symbol) [0x00007FF7A71D3691]
	(No symbol) [0x00007FF7A71D48D4]
	GetHandleVerifier [0x00007FF7A76DB992+3610402]
	GetHandleVerifier [0x00007FF7A7731860+3962352]
	GetHandleVerifier [0x00007FF7A7729D4F+3930847]
	GetHandleVerifier [0x00007FF7A7413646+693206]
	(No symbol) [0x00007FF7A72F1628]
	(No symbol) [0x00007FF7A72ED934]
	(No symbol) [0x00007FF7A72EDA62]
	(No symbol) [0x00007FF7A72DE113]
	BaseThreadInitThunk [0x00007FFD0149257D+29]
	RtlUserThreadStart [0x00007FFD01DAAA78+40]
</msg>
<msg timestamp="20231028 13:20:16.140" level="FAIL">NoSuchWindowException: Message: no such window: target window already closed
from unknown error: web view not found
  (Session info: chrome=118.0.5993.89)
Stacktrace:
	GetHandleVerifier [0x00007FF7A7377892+54818]
	(No symbol) [0x00007FF7A72E6AC2]
	(No symbol) [0x00007FF7A719DA3B]
	(No symbol) [0x00007FF7A717DEE8]
	(No symbol) [0x00007FF7A7203237]
	(No symbol) [0x00007FF7A7216C6F]
	(No symbol) [0x00007FF7A71FE883]
	(No symbol) [0x00007FF7A71D3691]
	(No symbol) [0x00007FF7A71D48D4]
	GetHandleVerifier [0x00007FF7A76DB992+3610402]
	GetHandleVerifier [0x00007FF7A7731860+3962352]
	GetHandleVerifier [0x00007FF7A7729D4F+3930847]
	GetHandleVerifier [0x00007FF7A7413646+693206]
	(No symbol) [0x00007FF7A72F1628]
	(No symbol) [0x00007FF7A72ED934]
	(No symbol) [0x00007FF7A72EDA62]
	(No symbol) [0x00007FF7A72DE113]
	BaseThreadInitThunk [0x00007FFD0149257D+29]
	RtlUserThreadStart [0x00007FFD01DAAA78+40]
</msg>
<status status="FAIL" starttime="20231028 13:20:16.133" endtime="20231028 13:20:16.141"/>
</kw>
<kw name="Press Keys" library="SeleniumLibrary">
<arg>xpath=${${System}_ACCCR_LOC.SER_ADR}</arg>
<arg>${per_str.street_given}</arg>
<doc>Simulates the user pressing key(s) to an element or on the active browser.</doc>
<status status="NOT RUN" starttime="20231028 13:20:16.141" endtime="20231028 13:20:16.141"/>
</kw>
<kw name="Sleep" library="BuiltIn">
<arg>4s</arg>
<doc>Pauses the test executed for the given time.</doc>
<status status="NOT RUN" starttime="20231028 13:20:16.141" endtime="20231028 13:20:16.142"/>
</kw>
<kw name="Evaluate" library="BuiltIn">
<var>${NMBR}</var>
<arg>random.randint(1, 2)</arg>
<doc>Evaluates the given expression in Python and returns the result.</doc>
<status status="NOT RUN" starttime="20231028 13:20:16.142" endtime="20231028 13:20:16.142"/>
</kw>
<kw name="Sleep" library="BuiltIn">
<arg>10s</arg>
<doc>Pauses the test executed for the given time.</doc>
<status status="NOT RUN" starttime="20231028 13:20:16.142" endtime="20231028 13:20:16.142"/>
</kw>
<kw name="Press Keys" library="SeleniumLibrary">
<arg>xpath=(//span[contains(text(),'${per_str.street_given}')])[${NMBR}]</arg>
<arg>ENTER</arg>
<doc>Simulates the user pressing key(s) to an element or on the active browser.</doc>
<status status="NOT RUN" starttime="20231028 13:20:16.142" endtime="20231028 13:20:16.142"/>
</kw>
<kw name="Sleep" library="BuiltIn">
<arg>10s</arg>
<doc>Pauses the test executed for the given time.</doc>
<status status="NOT RUN" starttime="20231028 13:20:16.142" endtime="20231028 13:20:16.142"/>
</kw>
<status status="FAIL" starttime="20231028 13:20:16.112" endtime="20231028 13:20:16.142"/>
</kw>
<kw name="Search and set the address" library="Functions_Web">
<arg>${address_data}</arg>
<arg>${System}</arg>
<kw name="Get an address set" library="DataManager">
<var>${per_str}</var>
<arg>${addressdata}</arg>
<kw name="Get From Dictionary" library="Collections">
<var>${country}</var>
<arg>${ADRDATA.${testdata}}</arg>
<arg>country</arg>
<doc>Returns a value from the given ``dictionary`` based on the given ``key``.</doc>
<msg timestamp="20231028 13:20:19.145" level="INFO">${country} = PL</msg>
<status status="PASS" starttime="20231028 13:20:19.143" endtime="20231028 13:20:19.145"/>
</kw>
<kw name="Log" library="BuiltIn">
<arg>${country}</arg>
<doc>Logs the given message with the given level.</doc>
<msg timestamp="20231028 13:20:19.145" level="INFO">PL</msg>
<status status="PASS" starttime="20231028 13:20:19.145" endtime="20231028 13:20:19.145"/>
</kw>
<kw name="Get test address data" library="DataManager">
<arg>${TD_ADR.${country}}</arg>
<kw name="Get CONFIG Test data" library="DataManager">
<var>&amp;{ADRDATA_TC}</var>
<arg>${TestDataPath}</arg>
<kw name="Get Cfg Data" library="config">
<var>${CONFIGData}</var>
<arg>${FilePathCONFIG}</arg>
<msg timestamp="20231028 13:20:19.150" level="INFO">${CONFIGData} = {'PL_SET_1': {'country': 'PL', 'street_given': 'South Mall', 'street_index': 'South Mall', 'city_given': 'Cork'}, 'PL_SET_2': {'country': 'PL', 'street_given': 'Lawrence Grove', 'street_index': 'Lawre...</msg>
<status status="PASS" starttime="20231028 13:20:19.148" endtime="20231028 13:20:19.150"/>
</kw>
<msg timestamp="20231028 13:20:19.151" level="INFO">&amp;{ADRDATA_TC} = { PL_SET_1={'country': 'PL', 'street_given': 'South Mall', 'street_index': 'South Mall', 'city_given': 'Cork'} | PL_SET_2={'country': 'PL', 'street_given': 'Lawrence Grove', 'street_index': 'Lawrence ...</msg>
<status status="PASS" starttime="20231028 13:20:19.147" endtime="20231028 13:20:19.151"/>
</kw>
<kw name="Set Test Variable" library="BuiltIn">
<arg>&amp;{ADRDATA_TC}</arg>
<doc>Makes a variable available everywhere within the scope of the current test.</doc>
<msg timestamp="20231028 13:20:19.152" level="INFO">&amp;{ADRDATA_TC} = { PL_SET_1={'country': 'PL', 'street_given': 'South Mall', 'street_index': 'South Mall', 'city_given': 'Cork'} | PL_SET_2={'country': 'PL', 'street_given': 'Lawrence Grove', 'street_index': 'Lawrence ...</msg>
<status status="PASS" starttime="20231028 13:20:19.151" endtime="20231028 13:20:19.152"/>
</kw>
<status status="PASS" starttime="20231028 13:20:19.146" endtime="20231028 13:20:19.152"/>
</kw>
<kw name="Evaluate" library="BuiltIn">
<var>${NMBR}</var>
<arg>random.randint(1, 5)</arg>
<doc>Evaluates the given expression in Python and returns the result.</doc>
<msg timestamp="20231028 13:20:19.153" level="INFO">${NMBR} = 4</msg>
<status status="PASS" starttime="20231028 13:20:19.153" endtime="20231028 13:20:19.153"/>
</kw>
<kw name="Format String" library="String">
<var>${Profile}</var>
<arg>${country}_SET_${NMBR}</arg>
<doc>Formats a ``template`` using the given ``positional`` and ``named`` arguments.</doc>
<msg timestamp="20231028 13:20:19.154" level="INFO">${Profile} = PL_SET_4</msg>
<status status="PASS" starttime="20231028 13:20:19.153" endtime="20231028 13:20:19.154"/>
</kw>
<msg timestamp="20231028 13:20:19.155" level="INFO">${per_str} = {'country': 'PL', 'street_given': 'ul. Aleje Jerozolimskie', 'street_index': 'ul. Aleje Jerozolimskie', 'city_given': 'Brzeg Dolny'}</msg>
<status status="PASS" starttime="20231028 13:20:19.143" endtime="20231028 13:20:19.155"/>
</kw>
<kw name="Clear Element Text" library="SeleniumLibrary">
<arg>xpath=${${System}_ACCCR_LOC.SER_ADR}</arg>
<doc>Clears the value of the text-input-element identified by ``locator``.</doc>
<msg timestamp="20231028 13:20:19.162" level="WARN">Keyword 'Capture Page Screenshot' could not be run on failure: Message: no such window: target window already closed
from unknown error: web view not found
  (Session info: chrome=118.0.5993.89)
Stacktrace:
	GetHandleVerifier [0x00007FF7A7377892+54818]
	(No symbol) [0x00007FF7A72E6AC2]
	(No symbol) [0x00007FF7A719DA3B]
	(No symbol) [0x00007FF7A717DEE8]
	(No symbol) [0x00007FF7A7203237]
	(No symbol) [0x00007FF7A7216C6F]
	(No symbol) [0x00007FF7A71FE883]
	(No symbol) [0x00007FF7A71D3691]
	(No symbol) [0x00007FF7A71D48D4]
	GetHandleVerifier [0x00007FF7A76DB992+3610402]
	GetHandleVerifier [0x00007FF7A7731860+3962352]
	GetHandleVerifier [0x00007FF7A7729D4F+3930847]
	GetHandleVerifier [0x00007FF7A7413646+693206]
	(No symbol) [0x00007FF7A72F1628]
	(No symbol) [0x00007FF7A72ED934]
	(No symbol) [0x00007FF7A72EDA62]
	(No symbol) [0x00007FF7A72DE113]
	BaseThreadInitThunk [0x00007FFD0149257D+29]
	RtlUserThreadStart [0x00007FFD01DAAA78+40]
</msg>
<msg timestamp="20231028 13:20:19.165" level="FAIL">NoSuchWindowException: Message: no such window: target window already closed
from unknown error: web view not found
  (Session info: chrome=118.0.5993.89)
Stacktrace:
	GetHandleVerifier [0x00007FF7A7377892+54818]
	(No symbol) [0x00007FF7A72E6AC2]
	(No symbol) [0x00007FF7A719DA3B]
	(No symbol) [0x00007FF7A717DEE8]
	(No symbol) [0x00007FF7A7203237]
	(No symbol) [0x00007FF7A7216C6F]
	(No symbol) [0x00007FF7A71FE883]
	(No symbol) [0x00007FF7A71D3691]
	(No symbol) [0x00007FF7A71D48D4]
	GetHandleVerifier [0x00007FF7A76DB992+3610402]
	GetHandleVerifier [0x00007FF7A7731860+3962352]
	GetHandleVerifier [0x00007FF7A7729D4F+3930847]
	GetHandleVerifier [0x00007FF7A7413646+693206]
	(No symbol) [0x00007FF7A72F1628]
	(No symbol) [0x00007FF7A72ED934]
	(No symbol) [0x00007FF7A72EDA62]
	(No symbol) [0x00007FF7A72DE113]
	BaseThreadInitThunk [0x00007FFD0149257D+29]
	RtlUserThreadStart [0x00007FFD01DAAA78+40]
</msg>
<status status="FAIL" starttime="20231028 13:20:19.155" endtime="20231028 13:20:19.167"/>
</kw>
<kw name="Press Keys" library="SeleniumLibrary">
<arg>xpath=${${System}_ACCCR_LOC.SER_ADR}</arg>
<arg>${per_str.street_given}</arg>
<doc>Simulates the user pressing key(s) to an element or on the active browser.</doc>
<status status="NOT RUN" starttime="20231028 13:20:19.167" endtime="20231028 13:20:19.167"/>
</kw>
<kw name="Sleep" library="BuiltIn">
<arg>4s</arg>
<doc>Pauses the test executed for the given time.</doc>
<status status="NOT RUN" starttime="20231028 13:20:19.167" endtime="20231028 13:20:19.167"/>
</kw>
<kw name="Evaluate" library="BuiltIn">
<var>${NMBR}</var>
<arg>random.randint(1, 2)</arg>
<doc>Evaluates the given expression in Python and returns the result.</doc>
<status status="NOT RUN" starttime="20231028 13:20:19.168" endtime="20231028 13:20:19.168"/>
</kw>
<kw name="Sleep" library="BuiltIn">
<arg>10s</arg>
<doc>Pauses the test executed for the given time.</doc>
<status status="NOT RUN" starttime="20231028 13:20:19.168" endtime="20231028 13:20:19.168"/>
</kw>
<kw name="Press Keys" library="SeleniumLibrary">
<arg>xpath=(//span[contains(text(),'${per_str.street_given}')])[${NMBR}]</arg>
<arg>ENTER</arg>
<doc>Simulates the user pressing key(s) to an element or on the active browser.</doc>
<status status="NOT RUN" starttime="20231028 13:20:19.168" endtime="20231028 13:20:19.168"/>
</kw>
<kw name="Sleep" library="BuiltIn">
<arg>10s</arg>
<doc>Pauses the test executed for the given time.</doc>
<status status="NOT RUN" starttime="20231028 13:20:19.168" endtime="20231028 13:20:19.168"/>
</kw>
<status status="FAIL" starttime="20231028 13:20:19.142" endtime="20231028 13:20:19.168"/>
</kw>
<kw name="Search and set the address" library="Functions_Web">
<arg>${address_data}</arg>
<arg>${System}</arg>
<kw name="Get an address set" library="DataManager">
<var>${per_str}</var>
<arg>${addressdata}</arg>
<kw name="Get From Dictionary" library="Collections">
<var>${country}</var>
<arg>${ADRDATA.${testdata}}</arg>
<arg>country</arg>
<doc>Returns a value from the given ``dictionary`` based on the given ``key``.</doc>
<msg timestamp="20231028 13:20:22.175" level="INFO">${country} = PL</msg>
<status status="PASS" starttime="20231028 13:20:22.171" endtime="20231028 13:20:22.175"/>
</kw>
<kw name="Log" library="BuiltIn">
<arg>${country}</arg>
<doc>Logs the given message with the given level.</doc>
<msg timestamp="20231028 13:20:22.176" level="INFO">PL</msg>
<status status="PASS" starttime="20231028 13:20:22.176" endtime="20231028 13:20:22.176"/>
</kw>
<kw name="Get test address data" library="DataManager">
<arg>${TD_ADR.${country}}</arg>
<kw name="Get CONFIG Test data" library="DataManager">
<var>&amp;{ADRDATA_TC}</var>
<arg>${TestDataPath}</arg>
<kw name="Get Cfg Data" library="config">
<var>${CONFIGData}</var>
<arg>${FilePathCONFIG}</arg>
<msg timestamp="20231028 13:20:22.184" level="INFO">${CONFIGData} = {'PL_SET_1': {'country': 'PL', 'street_given': 'South Mall', 'street_index': 'South Mall', 'city_given': 'Cork'}, 'PL_SET_2': {'country': 'PL', 'street_given': 'Lawrence Grove', 'street_index': 'Lawre...</msg>
<status status="PASS" starttime="20231028 13:20:22.180" endtime="20231028 13:20:22.184"/>
</kw>
<msg timestamp="20231028 13:20:22.185" level="INFO">&amp;{ADRDATA_TC} = { PL_SET_1={'country': 'PL', 'street_given': 'South Mall', 'street_index': 'South Mall', 'city_given': 'Cork'} | PL_SET_2={'country': 'PL', 'street_given': 'Lawrence Grove', 'street_index': 'Lawrence ...</msg>
<status status="PASS" starttime="20231028 13:20:22.179" endtime="20231028 13:20:22.185"/>
</kw>
<kw name="Set Test Variable" library="BuiltIn">
<arg>&amp;{ADRDATA_TC}</arg>
<doc>Makes a variable available everywhere within the scope of the current test.</doc>
<msg timestamp="20231028 13:20:22.187" level="INFO">&amp;{ADRDATA_TC} = { PL_SET_1={'country': 'PL', 'street_given': 'South Mall', 'street_index': 'South Mall', 'city_given': 'Cork'} | PL_SET_2={'country': 'PL', 'street_given': 'Lawrence Grove', 'street_index': 'Lawrence ...</msg>
<status status="PASS" starttime="20231028 13:20:22.186" endtime="20231028 13:20:22.187"/>
</kw>
<status status="PASS" starttime="20231028 13:20:22.177" endtime="20231028 13:20:22.187"/>
</kw>
<kw name="Evaluate" library="BuiltIn">
<var>${NMBR}</var>
<arg>random.randint(1, 5)</arg>
<doc>Evaluates the given expression in Python and returns the result.</doc>
<msg timestamp="20231028 13:20:22.188" level="INFO">${NMBR} = 3</msg>
<status status="PASS" starttime="20231028 13:20:22.187" endtime="20231028 13:20:22.188"/>
</kw>
<kw name="Format String" library="String">
<var>${Profile}</var>
<arg>${country}_SET_${NMBR}</arg>
<doc>Formats a ``template`` using the given ``positional`` and ``named`` arguments.</doc>
<msg timestamp="20231028 13:20:22.189" level="INFO">${Profile} = PL_SET_3</msg>
<status status="PASS" starttime="20231028 13:20:22.188" endtime="20231028 13:20:22.189"/>
</kw>
<msg timestamp="20231028 13:20:22.192" level="INFO">${per_str} = {'country': 'PL', 'street_given': 'Wellington Quay', 'street_index': 'Wellington', 'city_given': 'New Ross'}</msg>
<status status="PASS" starttime="20231028 13:20:22.170" endtime="20231028 13:20:22.192"/>
</kw>
<kw name="Clear Element Text" library="SeleniumLibrary">
<arg>xpath=${${System}_ACCCR_LOC.SER_ADR}</arg>
<doc>Clears the value of the text-input-element identified by ``locator``.</doc>
<msg timestamp="20231028 13:20:22.203" level="WARN">Keyword 'Capture Page Screenshot' could not be run on failure: Message: no such window: target window already closed
from unknown error: web view not found
  (Session info: chrome=118.0.5993.89)
Stacktrace:
	GetHandleVerifier [0x00007FF7A7377892+54818]
	(No symbol) [0x00007FF7A72E6AC2]
	(No symbol) [0x00007FF7A719DA3B]
	(No symbol) [0x00007FF7A717DEE8]
	(No symbol) [0x00007FF7A7203237]
	(No symbol) [0x00007FF7A7216C6F]
	(No symbol) [0x00007FF7A71FE883]
	(No symbol) [0x00007FF7A71D3691]
	(No symbol) [0x00007FF7A71D48D4]
	GetHandleVerifier [0x00007FF7A76DB992+3610402]
	GetHandleVerifier [0x00007FF7A7731860+3962352]
	GetHandleVerifier [0x00007FF7A7729D4F+3930847]
	GetHandleVerifier [0x00007FF7A7413646+693206]
	(No symbol) [0x00007FF7A72F1628]
	(No symbol) [0x00007FF7A72ED934]
	(No symbol) [0x00007FF7A72EDA62]
	(No symbol) [0x00007FF7A72DE113]
	BaseThreadInitThunk [0x00007FFD0149257D+29]
	RtlUserThreadStart [0x00007FFD01DAAA78+40]
</msg>
<msg timestamp="20231028 13:20:22.208" level="FAIL">NoSuchWindowException: Message: no such window: target window already closed
from unknown error: web view not found
  (Session info: chrome=118.0.5993.89)
Stacktrace:
	GetHandleVerifier [0x00007FF7A7377892+54818]
	(No symbol) [0x00007FF7A72E6AC2]
	(No symbol) [0x00007FF7A719DA3B]
	(No symbol) [0x00007FF7A717DEE8]
	(No symbol) [0x00007FF7A7203237]
	(No symbol) [0x00007FF7A7216C6F]
	(No symbol) [0x00007FF7A71FE883]
	(No symbol) [0x00007FF7A71D3691]
	(No symbol) [0x00007FF7A71D48D4]
	GetHandleVerifier [0x00007FF7A76DB992+3610402]
	GetHandleVerifier [0x00007FF7A7731860+3962352]
	GetHandleVerifier [0x00007FF7A7729D4F+3930847]
	GetHandleVerifier [0x00007FF7A7413646+693206]
	(No symbol) [0x00007FF7A72F1628]
	(No symbol) [0x00007FF7A72ED934]
	(No symbol) [0x00007FF7A72EDA62]
	(No symbol) [0x00007FF7A72DE113]
	BaseThreadInitThunk [0x00007FFD0149257D+29]
	RtlUserThreadStart [0x00007FFD01DAAA78+40]
</msg>
<status status="FAIL" starttime="20231028 13:20:22.192" endtime="20231028 13:20:22.214"/>
</kw>
<kw name="Press Keys" library="SeleniumLibrary">
<arg>xpath=${${System}_ACCCR_LOC.SER_ADR}</arg>
<arg>${per_str.street_given}</arg>
<doc>Simulates the user pressing key(s) to an element or on the active browser.</doc>
<status status="NOT RUN" starttime="20231028 13:20:22.215" endtime="20231028 13:20:22.215"/>
</kw>
<kw name="Sleep" library="BuiltIn">
<arg>4s</arg>
<doc>Pauses the test executed for the given time.</doc>
<status status="NOT RUN" starttime="20231028 13:20:22.216" endtime="20231028 13:20:22.216"/>
</kw>
<kw name="Evaluate" library="BuiltIn">
<var>${NMBR}</var>
<arg>random.randint(1, 2)</arg>
<doc>Evaluates the given expression in Python and returns the result.</doc>
<status status="NOT RUN" starttime="20231028 13:20:22.216" endtime="20231028 13:20:22.216"/>
</kw>
<kw name="Sleep" library="BuiltIn">
<arg>10s</arg>
<doc>Pauses the test executed for the given time.</doc>
<status status="NOT RUN" starttime="20231028 13:20:22.217" endtime="20231028 13:20:22.217"/>
</kw>
<kw name="Press Keys" library="SeleniumLibrary">
<arg>xpath=(//span[contains(text(),'${per_str.street_given}')])[${NMBR}]</arg>
<arg>ENTER</arg>
<doc>Simulates the user pressing key(s) to an element or on the active browser.</doc>
<status status="NOT RUN" starttime="20231028 13:20:22.217" endtime="20231028 13:20:22.217"/>
</kw>
<kw name="Sleep" library="BuiltIn">
<arg>10s</arg>
<doc>Pauses the test executed for the given time.</doc>
<status status="NOT RUN" starttime="20231028 13:20:22.218" endtime="20231028 13:20:22.218"/>
</kw>
<status status="FAIL" starttime="20231028 13:20:22.169" endtime="20231028 13:20:22.219"/>
</kw>
<kw name="Search and set the address" library="Functions_Web">
<arg>${address_data}</arg>
<arg>${System}</arg>
<kw name="Get an address set" library="DataManager">
<var>${per_str}</var>
<arg>${addressdata}</arg>
<kw name="Get From Dictionary" library="Collections">
<var>${country}</var>
<arg>${ADRDATA.${testdata}}</arg>
<arg>country</arg>
<doc>Returns a value from the given ``dictionary`` based on the given ``key``.</doc>
<msg timestamp="20231028 13:20:25.223" level="INFO">${country} = PL</msg>
<status status="PASS" starttime="20231028 13:20:25.221" endtime="20231028 13:20:25.223"/>
</kw>
<kw name="Log" library="BuiltIn">
<arg>${country}</arg>
<doc>Logs the given message with the given level.</doc>
<msg timestamp="20231028 13:20:25.224" level="INFO">PL</msg>
<status status="PASS" starttime="20231028 13:20:25.223" endtime="20231028 13:20:25.224"/>
</kw>
<kw name="Get test address data" library="DataManager">
<arg>${TD_ADR.${country}}</arg>
<kw name="Get CONFIG Test data" library="DataManager">
<var>&amp;{ADRDATA_TC}</var>
<arg>${TestDataPath}</arg>
<kw name="Get Cfg Data" library="config">
<var>${CONFIGData}</var>
<arg>${FilePathCONFIG}</arg>
<msg timestamp="20231028 13:20:25.232" level="INFO">${CONFIGData} = {'PL_SET_1': {'country': 'PL', 'street_given': 'South Mall', 'street_index': 'South Mall', 'city_given': 'Cork'}, 'PL_SET_2': {'country': 'PL', 'street_given': 'Lawrence Grove', 'street_index': 'Lawre...</msg>
<status status="PASS" starttime="20231028 13:20:25.227" endtime="20231028 13:20:25.232"/>
</kw>
<msg timestamp="20231028 13:20:25.233" level="INFO">&amp;{ADRDATA_TC} = { PL_SET_1={'country': 'PL', 'street_given': 'South Mall', 'street_index': 'South Mall', 'city_given': 'Cork'} | PL_SET_2={'country': 'PL', 'street_given': 'Lawrence Grove', 'street_index': 'Lawrence ...</msg>
<status status="PASS" starttime="20231028 13:20:25.226" endtime="20231028 13:20:25.233"/>
</kw>
<kw name="Set Test Variable" library="BuiltIn">
<arg>&amp;{ADRDATA_TC}</arg>
<doc>Makes a variable available everywhere within the scope of the current test.</doc>
<msg timestamp="20231028 13:20:25.233" level="INFO">&amp;{ADRDATA_TC} = { PL_SET_1={'country': 'PL', 'street_given': 'South Mall', 'street_index': 'South Mall', 'city_given': 'Cork'} | PL_SET_2={'country': 'PL', 'street_given': 'Lawrence Grove', 'street_index': 'Lawrence ...</msg>
<status status="PASS" starttime="20231028 13:20:25.233" endtime="20231028 13:20:25.233"/>
</kw>
<status status="PASS" starttime="20231028 13:20:25.224" endtime="20231028 13:20:25.235"/>
</kw>
<kw name="Evaluate" library="BuiltIn">
<var>${NMBR}</var>
<arg>random.randint(1, 5)</arg>
<doc>Evaluates the given expression in Python and returns the result.</doc>
<msg timestamp="20231028 13:20:25.236" level="INFO">${NMBR} = 5</msg>
<status status="PASS" starttime="20231028 13:20:25.235" endtime="20231028 13:20:25.236"/>
</kw>
<kw name="Format String" library="String">
<var>${Profile}</var>
<arg>${country}_SET_${NMBR}</arg>
<doc>Formats a ``template`` using the given ``positional`` and ``named`` arguments.</doc>
<msg timestamp="20231028 13:20:25.237" level="INFO">${Profile} = PL_SET_5</msg>
<status status="PASS" starttime="20231028 13:20:25.236" endtime="20231028 13:20:25.237"/>
</kw>
<msg timestamp="20231028 13:20:25.238" level="INFO">${per_str} = {'country': 'PL', 'street_given': 'Ul. Półwiejska', 'street_index': 'Ul. Półwiejska', 'city_given': 'Poznań'}</msg>
<status status="PASS" starttime="20231028 13:20:25.220" endtime="20231028 13:20:25.238"/>
</kw>
<kw name="Clear Element Text" library="SeleniumLibrary">
<arg>xpath=${${System}_ACCCR_LOC.SER_ADR}</arg>
<doc>Clears the value of the text-input-element identified by ``locator``.</doc>
<msg timestamp="20231028 13:20:25.249" level="WARN">Keyword 'Capture Page Screenshot' could not be run on failure: Message: no such window: target window already closed
from unknown error: web view not found
  (Session info: chrome=118.0.5993.89)
Stacktrace:
	GetHandleVerifier [0x00007FF7A7377892+54818]
	(No symbol) [0x00007FF7A72E6AC2]
	(No symbol) [0x00007FF7A719DA3B]
	(No symbol) [0x00007FF7A717DEE8]
	(No symbol) [0x00007FF7A7203237]
	(No symbol) [0x00007FF7A7216C6F]
	(No symbol) [0x00007FF7A71FE883]
	(No symbol) [0x00007FF7A71D3691]
	(No symbol) [0x00007FF7A71D48D4]
	GetHandleVerifier [0x00007FF7A76DB992+3610402]
	GetHandleVerifier [0x00007FF7A7731860+3962352]
	GetHandleVerifier [0x00007FF7A7729D4F+3930847]
	GetHandleVerifier [0x00007FF7A7413646+693206]
	(No symbol) [0x00007FF7A72F1628]
	(No symbol) [0x00007FF7A72ED934]
	(No symbol) [0x00007FF7A72EDA62]
	(No symbol) [0x00007FF7A72DE113]
	BaseThreadInitThunk [0x00007FFD0149257D+29]
	RtlUserThreadStart [0x00007FFD01DAAA78+40]
</msg>
<msg timestamp="20231028 13:20:25.253" level="FAIL">NoSuchWindowException: Message: no such window: target window already closed
from unknown error: web view not found
  (Session info: chrome=118.0.5993.89)
Stacktrace:
	GetHandleVerifier [0x00007FF7A7377892+54818]
	(No symbol) [0x00007FF7A72E6AC2]
	(No symbol) [0x00007FF7A719DA3B]
	(No symbol) [0x00007FF7A717DEE8]
	(No symbol) [0x00007FF7A7203237]
	(No symbol) [0x00007FF7A7216C6F]
	(No symbol) [0x00007FF7A71FE883]
	(No symbol) [0x00007FF7A71D3691]
	(No symbol) [0x00007FF7A71D48D4]
	GetHandleVerifier [0x00007FF7A76DB992+3610402]
	GetHandleVerifier [0x00007FF7A7731860+3962352]
	GetHandleVerifier [0x00007FF7A7729D4F+3930847]
	GetHandleVerifier [0x00007FF7A7413646+693206]
	(No symbol) [0x00007FF7A72F1628]
	(No symbol) [0x00007FF7A72ED934]
	(No symbol) [0x00007FF7A72EDA62]
	(No symbol) [0x00007FF7A72DE113]
	BaseThreadInitThunk [0x00007FFD0149257D+29]
	RtlUserThreadStart [0x00007FFD01DAAA78+40]
</msg>
<status status="FAIL" starttime="20231028 13:20:25.239" endtime="20231028 13:20:25.257"/>
</kw>
<kw name="Press Keys" library="SeleniumLibrary">
<arg>xpath=${${System}_ACCCR_LOC.SER_ADR}</arg>
<arg>${per_str.street_given}</arg>
<doc>Simulates the user pressing key(s) to an element or on the active browser.</doc>
<status status="NOT RUN" starttime="20231028 13:20:25.257" endtime="20231028 13:20:25.257"/>
</kw>
<kw name="Sleep" library="BuiltIn">
<arg>4s</arg>
<doc>Pauses the test executed for the given time.</doc>
<status status="NOT RUN" starttime="20231028 13:20:25.258" endtime="20231028 13:20:25.258"/>
</kw>
<kw name="Evaluate" library="BuiltIn">
<var>${NMBR}</var>
<arg>random.randint(1, 2)</arg>
<doc>Evaluates the given expression in Python and returns the result.</doc>
<status status="NOT RUN" starttime="20231028 13:20:25.258" endtime="20231028 13:20:25.259"/>
</kw>
<kw name="Sleep" library="BuiltIn">
<arg>10s</arg>
<doc>Pauses the test executed for the given time.</doc>
<status status="NOT RUN" starttime="20231028 13:20:25.259" endtime="20231028 13:20:25.259"/>
</kw>
<kw name="Press Keys" library="SeleniumLibrary">
<arg>xpath=(//span[contains(text(),'${per_str.street_given}')])[${NMBR}]</arg>
<arg>ENTER</arg>
<doc>Simulates the user pressing key(s) to an element or on the active browser.</doc>
<status status="NOT RUN" starttime="20231028 13:20:25.260" endtime="20231028 13:20:25.260"/>
</kw>
<kw name="Sleep" library="BuiltIn">
<arg>10s</arg>
<doc>Pauses the test executed for the given time.</doc>
<status status="NOT RUN" starttime="20231028 13:20:25.260" endtime="20231028 13:20:25.260"/>
</kw>
<status status="FAIL" starttime="20231028 13:20:25.219" endtime="20231028 13:20:25.260"/>
</kw>
<msg timestamp="20231028 13:20:25.261" level="FAIL">Keyword 'Search and set the address' failed after retrying 10 times. The last error was: NoSuchWindowException: Message: no such window: target window already closed
from unknown error: web view not found
  (Session info: chrome=118.0.5993.89)
Stacktrace:
	GetHandleVerifier [0x00007FF7A7377892+54818]
	(No symbol) [0x00007FF7A72E6AC2]
	(No symbol) [0x00007FF7A719DA3B]
	(No symbol) [0x00007FF7A717DEE8]
	(No symbol) [0x00007FF7A7203237]
	(No symbol) [0x00007FF7A7216C6F]
	(No symbol) [0x00007FF7A71FE883]
	(No symbol) [0x00007FF7A71D3691]
	(No symbol) [0x00007FF7A71D48D4]
	GetHandleVerifier [0x00007FF7A76DB992+3610402]
	GetHandleVerifier [0x00007FF7A7731860+3962352]
	GetHandleVerifier [0x00007FF7A7729D4F+3930847]
	GetHandleVerifier [0x00007FF7A7413646+693206]
	(No symbol) [0x00007FF7A72F1628]
	(No symbol) [0x00007FF7A72ED934]
	(No symbol) [0x00007FF7A72EDA62]
	(No symbol) [0x00007FF7A72DE113]
	BaseThreadInitThunk [0x00007FFD0149257D+29]
	RtlUserThreadStart [0x00007FFD01DAAA78+40]
</msg>
<status status="FAIL" starttime="20231028 13:19:43.326" endtime="20231028 13:20:25.261"/>
</kw>
<kw name="Sleep" library="BuiltIn">
<arg>40s</arg>
<doc>Pauses the test executed for the given time.</doc>
<status status="NOT RUN" starttime="20231028 13:20:25.261" endtime="20231028 13:20:25.262"/>
</kw>
<kw name="Save the account" library="Functions_Web">
<arg>${System}</arg>
<status status="NOT RUN" starttime="20231028 13:20:25.262" endtime="20231028 13:20:25.262"/>
</kw>
<kw name="Sleep" library="BuiltIn">
<arg>10s</arg>
<doc>Pauses the test executed for the given time.</doc>
<status status="NOT RUN" starttime="20231028 13:20:25.262" endtime="20231028 13:20:25.262"/>
</kw>
<status status="FAIL" starttime="20231028 13:19:17.038" endtime="20231028 13:20:25.263"/>
</iter>
<status status="FAIL" starttime="20231028 13:19:17.038" endtime="20231028 13:20:25.263"/>
</for>
<kw name="Validate Created account in SF" library="Salesforce_WEB_account">
<arg>${ADR_1}</arg>
<arg>${firstname}</arg>
<arg>${lastname}</arg>
<arg>${phnum}</arg>
<arg>${email}</arg>
<arg>${System}</arg>
<status status="NOT RUN" starttime="20231028 13:20:25.263" endtime="20231028 13:20:25.263"/>
</kw>
<status status="FAIL" starttime="20231028 13:19:17.034" endtime="20231028 13:20:25.263"/>
</kw>
<kw name="I close the browser" library="Common_WEB" type="TEARDOWN">
<kw name="Close Browser" library="SeleniumLibrary">
<doc>Closes the current browser.</doc>
<status status="PASS" starttime="20231028 13:20:25.266" endtime="20231028 13:20:27.759"/>
</kw>
<status status="PASS" starttime="20231028 13:20:25.265" endtime="20231028 13:20:27.759"/>
</kw>
<tag>REG</tag>
<status status="FAIL" starttime="20231028 13:18:54.876" endtime="20231028 13:20:27.760">Keyword 'Search and set the address' failed after retrying 10 times. The last error was: NoSuchWindowException: Message: no such window: target window already closed
from unknown error: web view not found
  (Session info: chrome=118.0.5993.89)
Stacktrace:
	GetHandleVerifier [0x00007FF7A7377892+54818]
	(No symbol) [0x00007FF7A72E6AC2]
	(No symbol) [0x00007FF7A719DA3B]
	(No symbol) [0x00007FF7A717DEE8]
	(No symbol) [0x00007FF7A7203237]
	(No symbol) [0x00007FF7A7216C6F]
	(No symbol) [0x00007FF7A71FE883]
	(No symbol) [0x00007FF7A71D3691]
	(No symbol) [0x00007FF7A71D48D4]
	GetHandleVerifier [0x00007FF7A76DB992+3610402]
	GetHandleVerifier [0x00007FF7A7731860+3962352]
	GetHandleVerifier [0x00007FF7A7729D4F+3930847]
	GetHandleVerifier [0x00007FF7A7413646+693206]
	(No symbol) [0x00007FF7A72F1628]
	(No symbol) [0x00007FF7A72ED934]
	(No symbol) [0x00007FF7A72EDA62]
	(No symbol) [0x00007FF7A72DE113]
	BaseThreadInitThunk [0x00007FFD0149257D+29]
	RtlUserThreadStart [0x00007FFD01DAAA78+40]
</status>
</test>
<status status="FAIL" starttime="20231028 13:18:54.547" endtime="20231028 13:20:27.765"/>
</suite>
<statistics>
<total>
<stat pass="0" fail="1" skip="0">All Tests</stat>
</total>
<tag>
<stat pass="0" fail="1" skip="0">REG</stat>
</tag>
<suite>
<stat pass="0" fail="1" skip="0" id="s1" name="Acc Creation PL">Acc Creation PL</stat>
</suite>
</statistics>
<errors>
<msg timestamp="20231028 13:18:54.797" level="ERROR">Error in file 'C:\Users\mepandur\Desktop\D\BMW CIM\automation\ESOCRM_Megh\resource\DataManager.robot' on line 10: Creating keyword 'Set up Suite data' failed: User keyword cannot be empty.</msg>
<msg timestamp="20231028 13:19:57.930" level="WARN">Keyword 'Capture Page Screenshot' could not be run on failure: Message: no such window: target window already closed
from unknown error: web view not found
  (Session info: chrome=118.0.5993.89)
Stacktrace:
	GetHandleVerifier [0x00007FF7A7377892+54818]
	(No symbol) [0x00007FF7A72E6AC2]
	(No symbol) [0x00007FF7A719DA3B]
	(No symbol) [0x00007FF7A717DEE8]
	(No symbol) [0x00007FF7A7203237]
	(No symbol) [0x00007FF7A7216C6F]
	(No symbol) [0x00007FF7A71FE883]
	(No symbol) [0x00007FF7A71D3691]
	(No symbol) [0x00007FF7A71D48D4]
	GetHandleVerifier [0x00007FF7A76DB992+3610402]
	GetHandleVerifier [0x00007FF7A7731860+3962352]
	GetHandleVerifier [0x00007FF7A7729D4F+3930847]
	GetHandleVerifier [0x00007FF7A7413646+693206]
	(No symbol) [0x00007FF7A72F1628]
	(No symbol) [0x00007FF7A72ED934]
	(No symbol) [0x00007FF7A72EDA62]
	(No symbol) [0x00007FF7A72DE113]
	BaseThreadInitThunk [0x00007FFD0149257D+29]
	RtlUserThreadStart [0x00007FFD01DAAA78+40]
</msg>
<msg timestamp="20231028 13:20:00.978" level="WARN">Keyword 'Capture Page Screenshot' could not be run on failure: Message: no such window: target window already closed
from unknown error: web view not found
  (Session info: chrome=118.0.5993.89)
Stacktrace:
	GetHandleVerifier [0x00007FF7A7377892+54818]
	(No symbol) [0x00007FF7A72E6AC2]
	(No symbol) [0x00007FF7A719DA3B]
	(No symbol) [0x00007FF7A717DEE8]
	(No symbol) [0x00007FF7A7203237]
	(No symbol) [0x00007FF7A7216C6F]
	(No symbol) [0x00007FF7A71FE883]
	(No symbol) [0x00007FF7A71D3691]
	(No symbol) [0x00007FF7A71D48D4]
	GetHandleVerifier [0x00007FF7A76DB992+3610402]
	GetHandleVerifier [0x00007FF7A7731860+3962352]
	GetHandleVerifier [0x00007FF7A7729D4F+3930847]
	GetHandleVerifier [0x00007FF7A7413646+693206]
	(No symbol) [0x00007FF7A72F1628]
	(No symbol) [0x00007FF7A72ED934]
	(No symbol) [0x00007FF7A72EDA62]
	(No symbol) [0x00007FF7A72DE113]
	BaseThreadInitThunk [0x00007FFD0149257D+29]
	RtlUserThreadStart [0x00007FFD01DAAA78+40]
</msg>
<msg timestamp="20231028 13:20:04.015" level="WARN">Keyword 'Capture Page Screenshot' could not be run on failure: Message: no such window: target window already closed
from unknown error: web view not found
  (Session info: chrome=118.0.5993.89)
Stacktrace:
	GetHandleVerifier [0x00007FF7A7377892+54818]
	(No symbol) [0x00007FF7A72E6AC2]
	(No symbol) [0x00007FF7A719DA3B]
	(No symbol) [0x00007FF7A717DEE8]
	(No symbol) [0x00007FF7A7203237]
	(No symbol) [0x00007FF7A7216C6F]
	(No symbol) [0x00007FF7A71FE883]
	(No symbol) [0x00007FF7A71D3691]
	(No symbol) [0x00007FF7A71D48D4]
	GetHandleVerifier [0x00007FF7A76DB992+3610402]
	GetHandleVerifier [0x00007FF7A7731860+3962352]
	GetHandleVerifier [0x00007FF7A7729D4F+3930847]
	GetHandleVerifier [0x00007FF7A7413646+693206]
	(No symbol) [0x00007FF7A72F1628]
	(No symbol) [0x00007FF7A72ED934]
	(No symbol) [0x00007FF7A72EDA62]
	(No symbol) [0x00007FF7A72DE113]
	BaseThreadInitThunk [0x00007FFD0149257D+29]
	RtlUserThreadStart [0x00007FFD01DAAA78+40]
</msg>
<msg timestamp="20231028 13:20:07.051" level="WARN">Keyword 'Capture Page Screenshot' could not be run on failure: Message: no such window: target window already closed
from unknown error: web view not found
  (Session info: chrome=118.0.5993.89)
Stacktrace:
	GetHandleVerifier [0x00007FF7A7377892+54818]
	(No symbol) [0x00007FF7A72E6AC2]
	(No symbol) [0x00007FF7A719DA3B]
	(No symbol) [0x00007FF7A717DEE8]
	(No symbol) [0x00007FF7A7203237]
	(No symbol) [0x00007FF7A7216C6F]
	(No symbol) [0x00007FF7A71FE883]
	(No symbol) [0x00007FF7A71D3691]
	(No symbol) [0x00007FF7A71D48D4]
	GetHandleVerifier [0x00007FF7A76DB992+3610402]
	GetHandleVerifier [0x00007FF7A7731860+3962352]
	GetHandleVerifier [0x00007FF7A7729D4F+3930847]
	GetHandleVerifier [0x00007FF7A7413646+693206]
	(No symbol) [0x00007FF7A72F1628]
	(No symbol) [0x00007FF7A72ED934]
	(No symbol) [0x00007FF7A72EDA62]
	(No symbol) [0x00007FF7A72DE113]
	BaseThreadInitThunk [0x00007FFD0149257D+29]
	RtlUserThreadStart [0x00007FFD01DAAA78+40]
</msg>
<msg timestamp="20231028 13:20:10.087" level="WARN">Keyword 'Capture Page Screenshot' could not be run on failure: Message: no such window: target window already closed
from unknown error: web view not found
  (Session info: chrome=118.0.5993.89)
Stacktrace:
	GetHandleVerifier [0x00007FF7A7377892+54818]
	(No symbol) [0x00007FF7A72E6AC2]
	(No symbol) [0x00007FF7A719DA3B]
	(No symbol) [0x00007FF7A717DEE8]
	(No symbol) [0x00007FF7A7203237]
	(No symbol) [0x00007FF7A7216C6F]
	(No symbol) [0x00007FF7A71FE883]
	(No symbol) [0x00007FF7A71D3691]
	(No symbol) [0x00007FF7A71D48D4]
	GetHandleVerifier [0x00007FF7A76DB992+3610402]
	GetHandleVerifier [0x00007FF7A7731860+3962352]
	GetHandleVerifier [0x00007FF7A7729D4F+3930847]
	GetHandleVerifier [0x00007FF7A7413646+693206]
	(No symbol) [0x00007FF7A72F1628]
	(No symbol) [0x00007FF7A72ED934]
	(No symbol) [0x00007FF7A72EDA62]
	(No symbol) [0x00007FF7A72DE113]
	BaseThreadInitThunk [0x00007FFD0149257D+29]
	RtlUserThreadStart [0x00007FFD01DAAA78+40]
</msg>
<msg timestamp="20231028 13:20:13.107" level="WARN">Keyword 'Capture Page Screenshot' could not be run on failure: Message: no such window: target window already closed
from unknown error: web view not found
  (Session info: chrome=118.0.5993.89)
Stacktrace:
	GetHandleVerifier [0x00007FF7A7377892+54818]
	(No symbol) [0x00007FF7A72E6AC2]
	(No symbol) [0x00007FF7A719DA3B]
	(No symbol) [0x00007FF7A717DEE8]
	(No symbol) [0x00007FF7A7203237]
	(No symbol) [0x00007FF7A7216C6F]
	(No symbol) [0x00007FF7A71FE883]
	(No symbol) [0x00007FF7A71D3691]
	(No symbol) [0x00007FF7A71D48D4]
	GetHandleVerifier [0x00007FF7A76DB992+3610402]
	GetHandleVerifier [0x00007FF7A7731860+3962352]
	GetHandleVerifier [0x00007FF7A7729D4F+3930847]
	GetHandleVerifier [0x00007FF7A7413646+693206]
	(No symbol) [0x00007FF7A72F1628]
	(No symbol) [0x00007FF7A72ED934]
	(No symbol) [0x00007FF7A72EDA62]
	(No symbol) [0x00007FF7A72DE113]
	BaseThreadInitThunk [0x00007FFD0149257D+29]
	RtlUserThreadStart [0x00007FFD01DAAA78+40]
</msg>
<msg timestamp="20231028 13:20:16.137" level="WARN">Keyword 'Capture Page Screenshot' could not be run on failure: Message: no such window: target window already closed
from unknown error: web view not found
  (Session info: chrome=118.0.5993.89)
Stacktrace:
	GetHandleVerifier [0x00007FF7A7377892+54818]
	(No symbol) [0x00007FF7A72E6AC2]
	(No symbol) [0x00007FF7A719DA3B]
	(No symbol) [0x00007FF7A717DEE8]
	(No symbol) [0x00007FF7A7203237]
	(No symbol) [0x00007FF7A7216C6F]
	(No symbol) [0x00007FF7A71FE883]
	(No symbol) [0x00007FF7A71D3691]
	(No symbol) [0x00007FF7A71D48D4]
	GetHandleVerifier [0x00007FF7A76DB992+3610402]
	GetHandleVerifier [0x00007FF7A7731860+3962352]
	GetHandleVerifier [0x00007FF7A7729D4F+3930847]
	GetHandleVerifier [0x00007FF7A7413646+693206]
	(No symbol) [0x00007FF7A72F1628]
	(No symbol) [0x00007FF7A72ED934]
	(No symbol) [0x00007FF7A72EDA62]
	(No symbol) [0x00007FF7A72DE113]
	BaseThreadInitThunk [0x00007FFD0149257D+29]
	RtlUserThreadStart [0x00007FFD01DAAA78+40]
</msg>
<msg timestamp="20231028 13:20:19.162" level="WARN">Keyword 'Capture Page Screenshot' could not be run on failure: Message: no such window: target window already closed
from unknown error: web view not found
  (Session info: chrome=118.0.5993.89)
Stacktrace:
	GetHandleVerifier [0x00007FF7A7377892+54818]
	(No symbol) [0x00007FF7A72E6AC2]
	(No symbol) [0x00007FF7A719DA3B]
	(No symbol) [0x00007FF7A717DEE8]
	(No symbol) [0x00007FF7A7203237]
	(No symbol) [0x00007FF7A7216C6F]
	(No symbol) [0x00007FF7A71FE883]
	(No symbol) [0x00007FF7A71D3691]
	(No symbol) [0x00007FF7A71D48D4]
	GetHandleVerifier [0x00007FF7A76DB992+3610402]
	GetHandleVerifier [0x00007FF7A7731860+3962352]
	GetHandleVerifier [0x00007FF7A7729D4F+3930847]
	GetHandleVerifier [0x00007FF7A7413646+693206]
	(No symbol) [0x00007FF7A72F1628]
	(No symbol) [0x00007FF7A72ED934]
	(No symbol) [0x00007FF7A72EDA62]
	(No symbol) [0x00007FF7A72DE113]
	BaseThreadInitThunk [0x00007FFD0149257D+29]
	RtlUserThreadStart [0x00007FFD01DAAA78+40]
</msg>
<msg timestamp="20231028 13:20:22.203" level="WARN">Keyword 'Capture Page Screenshot' could not be run on failure: Message: no such window: target window already closed
from unknown error: web view not found
  (Session info: chrome=118.0.5993.89)
Stacktrace:
	GetHandleVerifier [0x00007FF7A7377892+54818]
	(No symbol) [0x00007FF7A72E6AC2]
	(No symbol) [0x00007FF7A719DA3B]
	(No symbol) [0x00007FF7A717DEE8]
	(No symbol) [0x00007FF7A7203237]
	(No symbol) [0x00007FF7A7216C6F]
	(No symbol) [0x00007FF7A71FE883]
	(No symbol) [0x00007FF7A71D3691]
	(No symbol) [0x00007FF7A71D48D4]
	GetHandleVerifier [0x00007FF7A76DB992+3610402]
	GetHandleVerifier [0x00007FF7A7731860+3962352]
	GetHandleVerifier [0x00007FF7A7729D4F+3930847]
	GetHandleVerifier [0x00007FF7A7413646+693206]
	(No symbol) [0x00007FF7A72F1628]
	(No symbol) [0x00007FF7A72ED934]
	(No symbol) [0x00007FF7A72EDA62]
	(No symbol) [0x00007FF7A72DE113]
	BaseThreadInitThunk [0x00007FFD0149257D+29]
	RtlUserThreadStart [0x00007FFD01DAAA78+40]
</msg>
<msg timestamp="20231028 13:20:25.249" level="WARN">Keyword 'Capture Page Screenshot' could not be run on failure: Message: no such window: target window already closed
from unknown error: web view not found
  (Session info: chrome=118.0.5993.89)
Stacktrace:
	GetHandleVerifier [0x00007FF7A7377892+54818]
	(No symbol) [0x00007FF7A72E6AC2]
	(No symbol) [0x00007FF7A719DA3B]
	(No symbol) [0x00007FF7A717DEE8]
	(No symbol) [0x00007FF7A7203237]
	(No symbol) [0x00007FF7A7216C6F]
	(No symbol) [0x00007FF7A71FE883]
	(No symbol) [0x00007FF7A71D3691]
	(No symbol) [0x00007FF7A71D48D4]
	GetHandleVerifier [0x00007FF7A76DB992+3610402]
	GetHandleVerifier [0x00007FF7A7731860+3962352]
	GetHandleVerifier [0x00007FF7A7729D4F+3930847]
	GetHandleVerifier [0x00007FF7A7413646+693206]
	(No symbol) [0x00007FF7A72F1628]
	(No symbol) [0x00007FF7A72ED934]
	(No symbol) [0x00007FF7A72EDA62]
	(No symbol) [0x00007FF7A72DE113]
	BaseThreadInitThunk [0x00007FFD0149257D+29]
	RtlUserThreadStart [0x00007FFD01DAAA78+40]
</msg>
</errors>
</robot>
